tf_window raw_emb_dim 768 embedding_lags 8 in_dim 6912 rows 19174
held_out_games_seed fixed 17

TRAIN/TEST SPLIT BEFORE TRAINING
seed 41
split mode leave_games_out
split test_fraction 0.2
split test_games requested 3
split held_out_games 3 ['MilgramSubstitution-DEMO-1.4.2-pc', 'ScarredSoul-0.2.0.0-pc', 'TheJesterAndThePrince_RU-2.5-pc']
train rows 18394 games covered 38
test rows 780 games covered 3
train_test_index_overlap 0
tune_split val_fraction 0.1
refit_best_on_train_plus_val False
tf_window val_split tail tune rows 16537 val rows 1857 games tune 38 games val 38
tf_window index_overlap tune_val 0 tune_test 0 val_test 0
/content/repo/text_scripts/ml_scripts/train_rubert_to_music_transformer_window.py:81: UserWarning: enable_nested_tensor is True, but self.use_nested_tensor is False because encoder_layer.norm_first was True
  self.enc = nn.TransformerEncoder(enc_layer, int(nlayers))
tf_window device cuda in_dim 6912 out_dim 320 tf_window 384 tf_d_model 128 tf_layers 2 tf_heads 4 tf_dim_ff 512 params 1322688
/usr/local/lib/python3.12/dist-packages/torch/nn/modules/transformer.py:431: UserWarning: Support for mismatched src_key_padding_mask and mask is deprecated. Use same type for both instead.
  src_key_padding_mask = F._canonical_mask(
epoch 1 train_mse 1.211013 train_mae_norm_macro 0.611596 val_mae_norm_macro 1.242607 val_minus_train_mae_norm 0.631011 best_val_mae_norm_macro 1.242607 patience_val 0 / 25 patience_overfit_gap 0 / off
epoch 2 train_mse 2.666986 train_mae_norm_macro 0.583392 val_mae_norm_macro 1.058368 val_minus_train_mae_norm 0.474976 best_val_mae_norm_macro 1.058368 patience_val 0 / 25 patience_overfit_gap 0 / off
epoch 3 train_mse 2.120161 train_mae_norm_macro 0.546057 val_mae_norm_macro 0.847901 val_minus_train_mae_norm 0.301844 best_val_mae_norm_macro 0.847901 patience_val 0 / 25 patience_overfit_gap 0 / off
epoch 4 train_mse 1.567047 train_mae_norm_macro 0.52038 val_mae_norm_macro 0.719613 val_minus_train_mae_norm 0.199233 best_val_mae_norm_macro 0.719613 patience_val 0 / 25 patience_overfit_gap 0 / off
epoch 5 train_mse 1.290101 train_mae_norm_macro 0.510096 val_mae_norm_macro 0.674519 val_minus_train_mae_norm 0.164422 best_val_mae_norm_macro 0.674519 patience_val 0 / 25 patience_overfit_gap 0 / off
epoch 6 train_mse 1.20741 train_mae_norm_macro 0.505452 val_mae_norm_macro 0.660527 val_minus_train_mae_norm 0.155075 best_val_mae_norm_macro 0.660527 patience_val 0 / 25 patience_overfit_gap 0 / off
epoch 7 train_mse 1.191576 train_mae_norm_macro 0.497446 val_mae_norm_macro 0.623322 val_minus_train_mae_norm 0.125876 best_val_mae_norm_macro 0.623322 patience_val 0 / 25 patience_overfit_gap 0 / off
epoch 8 train_mse 1.137191 train_mae_norm_macro 0.494649 val_mae_norm_macro 0.602843 val_minus_train_mae_norm 0.108193 best_val_mae_norm_macro 0.602843 patience_val 0 / 25 patience_overfit_gap 0 / off
epoch 9 train_mse 1.103295 train_mae_norm_macro 0.493045 val_mae_norm_macro 0.587912 val_minus_train_mae_norm 0.094867 best_val_mae_norm_macro 0.587912 patience_val 0 / 25 patience_overfit_gap 0 / off
epoch 10 train_mse 1.083456 train_mae_norm_macro 0.488306 val_mae_norm_macro 0.561626 val_minus_train_mae_norm 0.07332 best_val_mae_norm_macro 0.561626 patience_val 0 / 25 patience_overfit_gap 0 / off
epoch 11 train_mse 1.053134 train_mae_norm_macro 0.487179 val_mae_norm_macro 0.55685 val_minus_train_mae_norm 0.069672 best_val_mae_norm_macro 0.55685 patience_val 0 / 25 patience_overfit_gap 0 / off
epoch 12 train_mse 1.039873 train_mae_norm_macro 0.48555 val_mae_norm_macro 0.548057 val_minus_train_mae_norm 0.062507 best_val_mae_norm_macro 0.548057 patience_val 0 / 25 patience_overfit_gap 0 / off
epoch 13 train_mse 1.02446 train_mae_norm_macro 0.484801 val_mae_norm_macro 0.543624 val_minus_train_mae_norm 0.058823 best_val_mae_norm_macro 0.543624 patience_val 0 / 25 patience_overfit_gap 0 / off
epoch 14 train_mse 1.014141 train_mae_norm_macro 0.482965 val_mae_norm_macro 0.536101 val_minus_train_mae_norm 0.053136 best_val_mae_norm_macro 0.536101 patience_val 0 / 25 patience_overfit_gap 0 / off
epoch 15 train_mse 0.999025 train_mae_norm_macro 0.482 val_mae_norm_macro 0.528826 val_minus_train_mae_norm 0.046826 best_val_mae_norm_macro 0.528826 patience_val 0 / 25 patience_overfit_gap 0 / off
epoch 16 train_mse 0.990154 train_mae_norm_macro 0.480364 val_mae_norm_macro 0.514351 val_minus_train_mae_norm 0.033987 best_val_mae_norm_macro 0.514351 patience_val 0 / 25 patience_overfit_gap 0 / off
epoch 17 train_mse 0.974336 train_mae_norm_macro 0.479147 val_mae_norm_macro 0.507849 val_minus_train_mae_norm 0.028702 best_val_mae_norm_macro 0.507849 patience_val 0 / 25 patience_overfit_gap 0 / off
epoch 18 train_mse 0.964652 train_mae_norm_macro 0.478192 val_mae_norm_macro 0.502281 val_minus_train_mae_norm 0.024089 best_val_mae_norm_macro 0.502281 patience_val 0 / 25 patience_overfit_gap 0 / off
epoch 19 train_mse 0.954604 train_mae_norm_macro 0.478207 val_mae_norm_macro 0.49863 val_minus_train_mae_norm 0.020424 best_val_mae_norm_macro 0.49863 patience_val 0 / 25 patience_overfit_gap 0 / off
epoch 20 train_mse 0.943671 train_mae_norm_macro 0.475704 val_mae_norm_macro 0.486789 val_minus_train_mae_norm 0.011085 best_val_mae_norm_macro 0.486789 patience_val 0 / 25 patience_overfit_gap 0 / off
epoch 21 train_mse 0.929312 train_mae_norm_macro 0.475572 val_mae_norm_macro 0.48116 val_minus_train_mae_norm 0.005588 best_val_mae_norm_macro 0.48116 patience_val 0 / 25 patience_overfit_gap 0 / off
epoch 22 train_mse 0.918879 train_mae_norm_macro 0.474573 val_mae_norm_macro 0.471632 val_minus_train_mae_norm -0.002941 best_val_mae_norm_macro 0.471632 patience_val 0 / 25 patience_overfit_gap 0 / off
epoch 23 train_mse 0.906483 train_mae_norm_macro 0.473446 val_mae_norm_macro 0.463554 val_minus_train_mae_norm -0.009892 best_val_mae_norm_macro 0.463554 patience_val 0 / 25 patience_overfit_gap 0 / off
epoch 24 train_mse 0.894696 train_mae_norm_macro 0.472021 val_mae_norm_macro 0.457574 val_minus_train_mae_norm -0.014447 best_val_mae_norm_macro 0.457574 patience_val 0 / 25 patience_overfit_gap 0 / off
epoch 25 train_mse 0.885757 train_mae_norm_macro 0.471174 val_mae_norm_macro 0.44984 val_minus_train_mae_norm -0.021334 best_val_mae_norm_macro 0.44984 patience_val 0 / 25 patience_overfit_gap 0 / off
epoch 26 train_mse 0.874877 train_mae_norm_macro 0.469356 val_mae_norm_macro 0.443523 val_minus_train_mae_norm -0.025833 best_val_mae_norm_macro 0.443523 patience_val 0 / 25 patience_overfit_gap 0 / off
epoch 27 train_mse 0.866532 train_mae_norm_macro 0.468732 val_mae_norm_macro 0.439585 val_minus_train_mae_norm -0.029146 best_val_mae_norm_macro 0.439585 patience_val 0 / 25 patience_overfit_gap 0 / off
epoch 30 train_mse 0.95308 train_mae_norm_macro 0.489445 val_mae_norm_macro 0.515356 val_minus_train_mae_norm 0.025911 best_val_mae_norm_macro 0.439585 patience_val 3 / 25 patience_overfit_gap 0 / off
epoch 35 train_mse 0.848289 train_mae_norm_macro 0.472338 val_mae_norm_macro 0.44688 val_minus_train_mae_norm -0.025458 best_val_mae_norm_macro 0.439585 patience_val 8 / 25 patience_overfit_gap 0 / off
epoch 36 train_mse 0.856735 train_mae_norm_macro 0.470203 val_mae_norm_macro 0.436472 val_minus_train_mae_norm -0.03373 best_val_mae_norm_macro 0.436472 patience_val 0 / 25 patience_overfit_gap 0 / off
epoch 38 train_mse 0.845265 train_mae_norm_macro 0.466247 val_mae_norm_macro 0.430744 val_minus_train_mae_norm -0.035503 best_val_mae_norm_macro 0.430744 patience_val 0 / 25 patience_overfit_gap 0 / off
epoch 39 train_mse 0.83214 train_mae_norm_macro 0.463833 val_mae_norm_macro 0.420441 val_minus_train_mae_norm -0.043392 best_val_mae_norm_macro 0.420441 patience_val 0 / 25 patience_overfit_gap 0 / off
epoch 40 train_mse 0.822902 train_mae_norm_macro 0.464845 val_mae_norm_macro 0.432128 val_minus_train_mae_norm -0.032717 best_val_mae_norm_macro 0.420441 patience_val 1 / 25 patience_overfit_gap 0 / off
epoch 44 train_mse 0.813977 train_mae_norm_macro 0.462178 val_mae_norm_macro 0.417263 val_minus_train_mae_norm -0.044916 best_val_mae_norm_macro 0.417263 patience_val 0 / 25 patience_overfit_gap 0 / off
epoch 45 train_mse 0.806886 train_mae_norm_macro 0.461615 val_mae_norm_macro 0.414196 val_minus_train_mae_norm -0.047419 best_val_mae_norm_macro 0.414196 patience_val 0 / 25 patience_overfit_gap 0 / off
epoch 50 train_mse 0.792998 train_mae_norm_macro 0.460693 val_mae_norm_macro 0.41128 val_minus_train_mae_norm -0.049413 best_val_mae_norm_macro 0.41128 patience_val 0 / 25 patience_overfit_gap 0 / off
epoch 51 train_mse 0.790123 train_mae_norm_macro 0.460363 val_mae_norm_macro 0.409903 val_minus_train_mae_norm -0.050461 best_val_mae_norm_macro 0.409903 patience_val 0 / 25 patience_overfit_gap 0 / off
epoch 52 train_mse 0.786155 train_mae_norm_macro 0.460058 val_mae_norm_macro 0.407588 val_minus_train_mae_norm -0.05247 best_val_mae_norm_macro 0.407588 patience_val 0 / 25 patience_overfit_gap 0 / off
epoch 53 train_mse 0.782884 train_mae_norm_macro 0.460093 val_mae_norm_macro 0.404689 val_minus_train_mae_norm -0.055404 best_val_mae_norm_macro 0.404689 patience_val 0 / 25 patience_overfit_gap 0 / off
epoch 55 train_mse 0.778828 train_mae_norm_macro 0.459806 val_mae_norm_macro 0.404563 val_minus_train_mae_norm -0.055243 best_val_mae_norm_macro 0.404563 patience_val 0 / 25 patience_overfit_gap 0 / off
epoch 57 train_mse 0.772949 train_mae_norm_macro 0.459028 val_mae_norm_macro 0.403598 val_minus_train_mae_norm -0.05543 best_val_mae_norm_macro 0.403598 patience_val 0 / 25 patience_overfit_gap 0 / off
epoch 58 train_mse 0.77031 train_mae_norm_macro 0.458958 val_mae_norm_macro 0.403127 val_minus_train_mae_norm -0.055831 best_val_mae_norm_macro 0.403127 patience_val 0 / 25 patience_overfit_gap 0 / off
epoch 60 train_mse 0.765829 train_mae_norm_macro 0.458684 val_mae_norm_macro 0.403358 val_minus_train_mae_norm -0.055325 best_val_mae_norm_macro 0.403127 patience_val 2 / 25 patience_overfit_gap 0 / off
epoch 65 train_mse 0.782867 train_mae_norm_macro 0.459255 val_mae_norm_macro 0.414674 val_minus_train_mae_norm -0.044581 best_val_mae_norm_macro 0.403127 patience_val 7 / 25 patience_overfit_gap 0 / off
epoch 68 train_mse 0.760253 train_mae_norm_macro 0.458117 val_mae_norm_macro 0.400374 val_minus_train_mae_norm -0.057744 best_val_mae_norm_macro 0.400374 patience_val 0 / 25 patience_overfit_gap 0 / off
epoch 70 train_mse 0.755056 train_mae_norm_macro 0.459755 val_mae_norm_macro 0.40975 val_minus_train_mae_norm -0.050004 best_val_mae_norm_macro 0.400374 patience_val 2 / 25 patience_overfit_gap 0 / off
epoch 75 train_mse 0.739453 train_mae_norm_macro 0.458444 val_mae_norm_macro 0.404976 val_minus_train_mae_norm -0.053468 best_val_mae_norm_macro 0.400374 patience_val 7 / 25 patience_overfit_gap 0 / off
epoch 80 train_mse 0.726624 train_mae_norm_macro 0.458007 val_mae_norm_macro 0.402564 val_minus_train_mae_norm -0.055444 best_val_mae_norm_macro 0.400374 patience_val 12 / 25 patience_overfit_gap 0 / off
epoch 85 train_mse 0.711314 train_mae_norm_macro 0.457187 val_mae_norm_macro 0.40011 val_minus_train_mae_norm -0.057078 best_val_mae_norm_macro 0.40011 patience_val 0 / 25 patience_overfit_gap 0 / off
epoch 90 train_mse 0.70259 train_mae_norm_macro 0.465688 val_mae_norm_macro 0.457277 val_minus_train_mae_norm -0.008411 best_val_mae_norm_macro 0.40011 patience_val 5 / 25 patience_overfit_gap 0 / off
epoch 95 train_mse 0.704393 train_mae_norm_macro 0.461848 val_mae_norm_macro 0.422734 val_minus_train_mae_norm -0.039114 best_val_mae_norm_macro 0.40011 patience_val 10 / 25 patience_overfit_gap 0 / off
epoch 100 train_mse 0.703667 train_mae_norm_macro 0.464021 val_mae_norm_macro 0.453142 val_minus_train_mae_norm -0.01088 best_val_mae_norm_macro 0.40011 patience_val 15 / 25 patience_overfit_gap 0 / off
epoch 105 train_mse 0.783017 train_mae_norm_macro 0.466605 val_mae_norm_macro 0.457432 val_minus_train_mae_norm -0.009173 best_val_mae_norm_macro 0.40011 patience_val 20 / 25 patience_overfit_gap 0 / off
epoch 110 train_mse 0.735955 train_mae_norm_macro 0.46449 val_mae_norm_macro 0.462592 val_minus_train_mae_norm -0.001898 best_val_mae_norm_macro 0.40011 patience_val 25 / 25 patience_overfit_gap 0 / off
early stop: val metric patience exhausted
tf_window train_wall_seconds 333.831 stopped_epoch 110 best_val_mae_norm_macro 0.40011

Transformer-window Regression metrics ON TRAIN (fit set, denormalized Y)
mae mean 0.582344 median 0.128367 p90_across_columns 0.885684
rmse mean 0.925659 median 0.450958 p90_across_columns 1.003968
r2 mean 0.037422 median -0.000343 p90_across_columns 0.153856
r2_pooled 0.013558 note per-column r2 mean is mean of per-target R2; a few near-constant y columns (tiny ss_tot) make R2 explode negative; median and r2_pooled are safer headlines
medae_column mean 0.442669 median 0.051112 p90_across_columns 0.877931
abs_error_p90_within_column mean 1.461385 median 0.405462 p90_across_columns 1.887424
explained_variance mean 0.046712 median 0.000645 p90_across_columns 0.176221
max_abs_column mean 9.030205 median 5.584258 p90_across_columns 9.628334
column_pearson mean 0.140419 median 0.035812 p90_across_columns 0.42938 fraction_nan 0.0
row_cosine mean 0.992434 median 0.997403 p90_across_rows 0.999397
/usr/local/lib/python3.12/dist-packages/torch/nn/modules/transformer.py:431: UserWarning: Support for mismatched src_key_padding_mask and mask is deprecated. Use same type for both instead.
  src_key_padding_mask = F._canonical_mask(

Transformer-window metrics ON VALIDATION (denormalized Y)
mae mean 0.482963 median 0.165058 p90_across_columns 0.487781
rmse mean 0.741651 median 0.412503 p90_across_columns 0.825294
r2 mean 0.276961 median 0.229177 p90_across_columns 0.660806
r2_pooled 0.19767 note per-column r2 mean is mean of per-target R2; a few near-constant y columns (tiny ss_tot) make R2 explode negative; median and r2_pooled are safer headlines
medae_column mean 0.327776 median 0.079633 p90_across_columns 0.297724
abs_error_p90_within_column mean 1.527912 median 0.864361 p90_across_columns 1.79946
explained_variance mean 0.300849 median 0.254839 p90_across_columns 0.675645
max_abs_column mean 3.700873 median 2.372889 p90_across_columns 4.32373
column_pearson mean 0.528571 median 0.531816 p90_across_columns 0.822915 fraction_nan 0.0
row_cosine mean 0.993554 median 0.998398 p90_across_rows 0.999858

Transformer-window Regression metrics ON TEST ONLY
mae mean 0.504788 median 0.280561 p90_across_columns 0.598783
rmse mean 0.858568 median 0.467209 p90_across_columns 1.310811
r2 mean -193212400.180556 median -0.113919 p90_across_columns -0.005134
r2_pooled -0.25212 note per-column r2 mean is mean of per-target R2; a few near-constant y columns (tiny ss_tot) make R2 explode negative; median and r2_pooled are safer headlines
medae_column mean 0.294721 median 0.114378 p90_across_columns 0.267681
abs_error_p90_within_column mean 2.184657 median 1.10856 p90_across_columns 4.606866
explained_variance mean -108340220.857926 median -0.035063 p90_across_columns 0.06655
max_abs_column mean 3.090534 median 1.658626 p90_across_columns 6.061353
column_pearson mean 0.022898 median 0.026646 p90_across_columns 0.315775 fraction_nan 0.0
row_cosine mean 0.993973 median 0.999156 p90_across_rows 0.999741

top 30 y_columns by pearson (tie-break lower mae); per-column medae / p90|err| / mae
1 mfcc_p05_01 pearson 0.545373 mae 0.320364 medae 0.266205 abs_p90 0.759361
2 chroma_mean_08 pearson 0.533488 mae 0.538523 medae 0.202575 abs_p90 2.218513
3 beat_strength_mean pearson 0.469427 mae 0.617418 medae 0.507174 abs_p90 1.811794
4 jamendo_instrument_synthesizer pearson 0.442706 mae 0.685287 medae 0.437952 abs_p90 2.33864
5 jamendo_genre_techno pearson 0.436731 mae 0.251643 medae 0.098131 abs_p90 1.152776
6 mfcc_p05_14 pearson 0.435605 mae 0.225234 medae 0.189359 abs_p90 0.528338
7 jamendo_moodtheme_background pearson 0.428126 mae 0.519868 medae 0.17859 abs_p90 2.778797
8 jamendo_instrument_strings pearson 0.426457 mae 0.167816 medae 0.100348 abs_p90 0.464713
9 jamendo_moodtheme_epic pearson 0.423057 mae 0.192652 medae 0.131506 abs_p90 0.82699
10 spectral_zcr_p05 pearson 0.421208 mae 0.411525 medae 0.197202 abs_p90 1.960738
11 jamendo_instrument_orchestra pearson 0.418007 mae 0.139682 medae 0.052533 abs_p90 0.712602
12 spectral_zcr_p95 pearson 0.405611 mae 0.442991 medae 0.14894 abs_p90 2.115736
13 energy_change_mean pearson 0.403509 mae 0.677504 medae 0.509124 abs_p90 2.06487
14 chroma_mean_06 pearson 0.401869 mae 0.580964 medae 0.333273 abs_p90 2.443465
15 spectral_zcr_p50 pearson 0.390368 mae 0.447018 medae 0.202246 abs_p90 1.781885
16 jamendo_genre_jazzfusion pearson 0.378407 mae 0.814842 medae 0.071415 abs_p90 12.089163
17 chroma_mean_10 pearson 0.377229 mae 0.581268 medae 0.401593 abs_p90 2.077706
18 jamendo_genre_synthpop pearson 0.367831 mae 0.252975 medae 0.092431 abs_p90 1.149472
19 jamendo_genre_industrial pearson 0.367571 mae 0.174907 medae 0.048875 abs_p90 0.821375
20 mfcc_mean_03 pearson 0.365035 mae 0.294523 medae 0.246654 abs_p90 0.678404
21 jamendo_genre_blues pearson 0.364747 mae 0.278051 medae 0.130138 abs_p90 1.042784
22 chroma_mean_01 pearson 0.363225 mae 0.578137 medae 0.390663 abs_p90 1.826186
23 spectral_rolloff_p95 pearson 0.36264 mae 0.264816 medae 0.227636 abs_p90 0.636906
24 mfcc_p05_05 pearson 0.362044 mae 0.235823 medae 0.190665 abs_p90 0.559103
25 spectral_zcr_mean pearson 0.361979 mae 0.460142 medae 0.205043 abs_p90 1.971894
26 jamendo_moodtheme_children pearson 0.356777 mae 0.484288 medae 0.069893 abs_p90 4.914728
27 jamendo_instrument_rhodes pearson 0.355193 mae 0.746647 medae 0.062447 abs_p90 6.455346
28 jamendo_genre_electronic pearson 0.35407 mae 0.665652 medae 0.395745 abs_p90 2.63111
29 jamendo_moodtheme_trailer pearson 0.342109 mae 0.130562 medae 0.060321 abs_p90 0.729607
30 jamendo_moodtheme_dark pearson 0.32545 mae 0.315727 medae 0.084965 abs_p90 1.632649
wrote per-column metrics csv /content/drive/MyDrive/rubert_runs/run_018_tf_small_win/per_column_metrics.csv

retrieval hit rates
rmse hit@ 35.0 percent 0.514103 hits 401 total 780 skipped_single_or_missing 0
mae hit@ 35.0 percent 0.546154 hits 426 total 780 skipped_single_or_missing 0
cosine hit@ 35.0 percent 0.573077 hits 447 total 780 skipped_single_or_missing 0
