mlp_autoreg_lags raw_emb_dim 768 embedding_lags 2 concat_in_dim 2304 pred_lags 2 extra_in 641 rows 19174
held_out_games_seed fixed 17

TRAIN/TEST SPLIT BEFORE TRAINING
seed 40
split mode leave_games_out
split test_fraction 0.2
split test_games requested 3
split held_out_games 3 ['MilgramSubstitution-DEMO-1.4.2-pc', 'ScarredSoul-0.2.0.0-pc', 'TheJesterAndThePrince_RU-2.5-pc']
train rows 18394 games covered 38
test rows 780 games covered 3
train_test_index_overlap 0
tune_split val_fraction 0.1
refit_best_on_train_plus_val False
mlp_autoreg_lags val_split tail tune rows 16537 val rows 1857 games tune 38 games val 38
mlp_autoreg_lags index_overlap tune_val 0 tune_test 0 val_test 0
mlp_autoreg_lags device cuda in_dim 2945 out_dim 320 hidden [384, 192] params 1266944
scheduled_sampling_p_use_pred_hat 0.0
epoch 1 train_mse_seq 0.593193 train_mae_norm_seq 0.420271 val_mae_norm_seq 0.435544 val_minus_train_mae_norm 0.015273 best_val_mae_norm_seq 0.435544 patience_val 0 / 15 patience_overfit_gap 0 / off
epoch 2 train_mse_seq 0.564222 train_mae_norm_seq 0.365245 val_mae_norm_seq 0.396897 val_minus_train_mae_norm 0.031652 best_val_mae_norm_seq 0.396897 patience_val 0 / 15 patience_overfit_gap 0 / off
epoch 4 train_mse_seq 0.541142 train_mae_norm_seq 0.358871 val_mae_norm_seq 0.368243 val_minus_train_mae_norm 0.009373 best_val_mae_norm_seq 0.368243 patience_val 0 / 15 patience_overfit_gap 0 / off
scheduled_sampling_p_use_pred_hat 0.0
epoch 5 train_mse_seq 0.534056 train_mae_norm_seq 0.334733 val_mae_norm_seq 0.355918 val_minus_train_mae_norm 0.021185 best_val_mae_norm_seq 0.355918 patience_val 0 / 15 patience_overfit_gap 0 / off
epoch 6 train_mse_seq 0.560891 train_mae_norm_seq 0.312997 val_mae_norm_seq 0.324867 val_minus_train_mae_norm 0.01187 best_val_mae_norm_seq 0.324867 patience_val 0 / 15 patience_overfit_gap 0 / off
scheduled_sampling_p_use_pred_hat 0.026316
epoch 10 train_mse_seq 0.536309 train_mae_norm_seq 0.360944 val_mae_norm_seq 0.394562 val_minus_train_mae_norm 0.033619 best_val_mae_norm_seq 0.324867 patience_val 4 / 15 patience_overfit_gap 0 / off
scheduled_sampling_p_use_pred_hat 0.052632
epoch 15 train_mse_seq 0.553415 train_mae_norm_seq 0.370561 val_mae_norm_seq 0.399248 val_minus_train_mae_norm 0.028687 best_val_mae_norm_seq 0.324867 patience_val 9 / 15 patience_overfit_gap 0 / off
scheduled_sampling_p_use_pred_hat 0.078947
epoch 20 train_mse_seq 0.562261 train_mae_norm_seq 0.295378 val_mae_norm_seq 0.322039 val_minus_train_mae_norm 0.026661 best_val_mae_norm_seq 0.322039 patience_val 0 / 15 patience_overfit_gap 0 / off
scheduled_sampling_p_use_pred_hat 0.105263
epoch 25 train_mse_seq 0.592456 train_mae_norm_seq 0.318526 val_mae_norm_seq 0.325722 val_minus_train_mae_norm 0.007195 best_val_mae_norm_seq 0.322039 patience_val 5 / 15 patience_overfit_gap 0 / off
epoch 29 train_mse_seq 0.626229 train_mae_norm_seq 0.314468 val_mae_norm_seq 0.317945 val_minus_train_mae_norm 0.003477 best_val_mae_norm_seq 0.317945 patience_val 0 / 15 patience_overfit_gap 0 / off
scheduled_sampling_p_use_pred_hat 0.131579
epoch 30 train_mse_seq 0.558191 train_mae_norm_seq 0.406929 val_mae_norm_seq 0.419995 val_minus_train_mae_norm 0.013066 best_val_mae_norm_seq 0.317945 patience_val 1 / 15 patience_overfit_gap 0 / off
scheduled_sampling_p_use_pred_hat 0.157895
epoch 35 train_mse_seq 0.585985 train_mae_norm_seq 0.31008 val_mae_norm_seq 0.325665 val_minus_train_mae_norm 0.015584 best_val_mae_norm_seq 0.317945 patience_val 6 / 15 patience_overfit_gap 0 / off
scheduled_sampling_p_use_pred_hat 0.184211
epoch 40 train_mse_seq 0.59632 train_mae_norm_seq 0.352892 val_mae_norm_seq 0.372586 val_minus_train_mae_norm 0.019694 best_val_mae_norm_seq 0.317945 patience_val 11 / 15 patience_overfit_gap 0 / off
early stop: val metric patience exhausted
mlp_autoreg_lags train_wall_seconds 1934.534 stopped_epoch 44 best_val_mae_norm_seq 0.317945

MLP+lags+autoreg Regression metrics ON TRAIN (fit set, denormalized Y; order shuffled once for eval)
mae mean 0.462251 median 0.122791 p90_across_columns 0.512549
rmse mean 0.793387 median 0.381766 p90_across_columns 0.768358
r2 mean 0.383294 median 0.392619 p90_across_columns 0.693657
r2_pooled -0.030207 note per-column r2 mean is mean of per-target R2; a few near-constant y columns (tiny ss_tot) make R2 explode negative; median and r2_pooled are safer headlines
medae_column mean 0.293209 median 0.057504 p90_across_columns 0.285272
abs_error_p90_within_column mean 1.357798 median 0.309189 p90_across_columns 1.717507
explained_variance mean 0.398717 median 0.40745 p90_across_columns 0.712033
max_abs_column mean 9.661196 median 6.192954 p90_across_columns 10.906777
column_pearson mean 0.618924 median 0.673201 p90_across_columns 0.860407 fraction_nan 0.0
row_cosine mean 0.992612 median 0.99859 p90_across_rows 0.999903

MLP+lags+autoreg metrics ON VALIDATION (denormalized Y, sequential)
mae mean 0.481034 median 0.142554 p90_across_columns 0.501537
rmse mean 0.724021 median 0.381482 p90_across_columns 0.786218
r2 mean 0.456927 median 0.558905 p90_across_columns 0.783521
r2_pooled -0.000297 note per-column r2 mean is mean of per-target R2; a few near-constant y columns (tiny ss_tot) make R2 explode negative; median and r2_pooled are safer headlines
medae_column mean 0.340109 median 0.05613 p90_across_columns 0.285555
abs_error_p90_within_column mean 1.466242 median 0.711717 p90_across_columns 1.692642
explained_variance mean 0.47883 median 0.584446 p90_across_columns 0.789578
max_abs_column mean 3.641183 median 2.292641 p90_across_columns 4.734271
column_pearson mean 0.661363 median 0.799859 p90_across_columns 0.911022 fraction_nan 0.0
row_cosine mean 0.993593 median 0.998342 p90_across_rows 0.999926

MLP+lags+autoreg Regression metrics ON TEST ONLY (sequential)
mae mean 0.488882 median 0.27719 p90_across_columns 0.558337
rmse mean 0.844831 median 0.42584 p90_across_columns 1.2704
r2 mean -147248250.788796 median -0.085722 p90_across_columns 0.432642
r2_pooled -0.258223 note per-column r2 mean is mean of per-target R2; a few near-constant y columns (tiny ss_tot) make R2 explode negative; median and r2_pooled are safer headlines
medae_column mean 0.265104 median 0.080938 p90_across_columns 0.371892
abs_error_p90_within_column mean 2.10281 median 0.946572 p90_across_columns 4.041752
explained_variance mean -141097103.24217 median 0.004336 p90_across_columns 0.478766
max_abs_column mean 3.541569 median 2.100036 p90_across_columns 6.484149
column_pearson mean 0.319787 median 0.311622 p90_across_columns 0.75506 fraction_nan 0.0
row_cosine mean 0.994202 median 0.998686 p90_across_rows 0.999813

top 30 y_columns by pearson (tie-break lower mae); per-column medae / p90|err| / mae
1 jamendo_instrument_harmonica pearson 0.908815 mae 0.163906 medae 0.022792 abs_p90 0.824163
2 jamendo_moodtheme_corporate pearson 0.907768 mae 0.442111 medae 0.092554 abs_p90 3.559558
3 jamendo_genre_country pearson 0.896954 mae 0.258983 medae 0.014754 abs_p90 3.322151
4 jamendo_genre_jazzfusion pearson 0.894308 mae 0.741917 medae 0.007647 abs_p90 11.070349
5 jamendo_moodtheme_fun pearson 0.885166 mae 0.224802 medae 0.023976 abs_p90 1.000787
6 jamendo_genre_newage pearson 0.862755 mae 0.249592 medae 0.112167 abs_p90 1.10607
7 jamendo_moodtheme_party pearson 0.857117 mae 0.085678 medae 0.022995 abs_p90 0.457234
8 jamendo_genre_90s pearson 0.85228 mae 0.134436 medae 0.009103 abs_p90 1.008396
9 jamendo_moodtheme_relaxing pearson 0.846477 mae 0.245749 medae 0.134522 abs_p90 0.542151
10 jamendo_genre_popfolk pearson 0.842419 mae 0.246119 medae 0.064518 abs_p90 1.630278
11 jamendo_genre_swing pearson 0.837742 mae 0.638703 medae 0.008144 abs_p90 9.056537
12 jamendo_genre_pop pearson 0.834669 mae 0.350144 medae 0.266473 abs_p90 1.319292
13 jamendo_instrument_voice pearson 0.834124 mae 0.251198 medae 0.072516 abs_p90 0.858642
14 jamendo_moodtheme_funny pearson 0.831826 mae 0.130214 medae 0.023404 abs_p90 0.789682
15 jamendo_genre_ambient pearson 0.831405 mae 0.398294 medae 0.250927 abs_p90 1.553594
16 jamendo_genre_alternative pearson 0.830429 mae 0.325806 medae 0.087782 abs_p90 1.027866
17 jamendo_moodtheme_adventure pearson 0.821848 mae 0.317658 medae 0.032519 abs_p90 2.746442
18 jamendo_genre_fusion pearson 0.821366 mae 0.535661 medae 0.011685 abs_p90 4.47219
19 jamendo_genre_bossanova pearson 0.821059 mae 0.801436 medae 0.004159 abs_p90 9.163306
20 jamendo_moodtheme_happy pearson 0.816186 mae 0.291403 medae 0.107617 abs_p90 1.556032
21 jamendo_moodtheme_positive pearson 0.810865 mae 0.284967 medae 0.051232 abs_p90 1.451803
22 jamendo_moodtheme_heavy pearson 0.805151 mae 0.114946 medae 0.015413 abs_p90 0.738481
23 jamendo_instrument_drummachine pearson 0.802878 mae 0.185831 medae 0.091365 abs_p90 0.736824
24 jamendo_moodtheme_emotional pearson 0.801416 mae 0.299667 medae 0.046086 abs_p90 2.160692
25 jamendo_instrument_pipeorgan pearson 0.796044 mae 0.246703 medae 0.011869 abs_p90 1.52085
26 jamendo_genre_contemporary pearson 0.790057 mae 0.237647 medae 0.037021 abs_p90 1.938896
27 jamendo_moodtheme_groovy pearson 0.786332 mae 0.166943 medae 0.005498 abs_p90 0.90489
28 jamendo_moodtheme_children pearson 0.783694 mae 0.423812 medae 0.023763 abs_p90 4.09787
29 jamendo_moodtheme_fast pearson 0.77797 mae 0.246842 medae 0.013556 abs_p90 1.335337
30 spectral_flatness_mean pearson 0.764976 mae 0.16178 medae 0.099741 abs_p90 0.641607
wrote per-column metrics csv /content/drive/MyDrive/rubert_runs/run_001_mlp_autoreg_lags/per_column_metrics.csv

retrieval hit rates
rmse hit@ 35.0 percent 0.584615 hits 456 total 780 skipped_single_or_missing 0
mae hit@ 35.0 percent 0.538462 hits 420 total 780 skipped_single_or_missing 0
cosine hit@ 35.0 percent 0.570513 hits 445 total 780 skipped_single_or_missing 0
