lstm raw_emb_dim 768 embedding_lags 4 in_dim 3840 rows 19174
held_out_games_seed fixed 17

TRAIN/TEST SPLIT BEFORE TRAINING
seed 39
split mode leave_games_out
split test_fraction 0.2
split test_games requested 3
split held_out_games 3 ['MilgramSubstitution-DEMO-1.4.2-pc', 'ScarredSoul-0.2.0.0-pc', 'TheJesterAndThePrince_RU-2.5-pc']
train rows 18394 games covered 38
test rows 780 games covered 3
train_test_index_overlap 0
tune_split val_fraction 0.1
refit_best_on_train_plus_val False
lstm val_split tail tune rows 16537 val rows 1857 games tune 38 games val 38
lstm index_overlap tune_val 0 tune_test 0 val_test 0
lstm device cuda in_dim 3840 out_dim 320 lstm_hidden 1024 lstm_layers 2 params 28655936
epoch 1 train_mse 1.001192 train_mae_norm_macro 0.475106 val_mae_norm_macro 0.502786 val_minus_train_mae_norm 0.02768 best_val_mae_norm_macro 0.502786 patience_val 0 / 15 patience_overfit_gap 0 / off
epoch 2 train_mse 0.989011 train_mae_norm_macro 0.44123 val_mae_norm_macro 0.467965 val_minus_train_mae_norm 0.026736 best_val_mae_norm_macro 0.467965 patience_val 0 / 15 patience_overfit_gap 0 / off
epoch 5 train_mse 1.017508 train_mae_norm_macro 0.476017 val_mae_norm_macro 0.504634 val_minus_train_mae_norm 0.028617 best_val_mae_norm_macro 0.467965 patience_val 3 / 15 patience_overfit_gap 0 / off
epoch 10 train_mse 0.991083 train_mae_norm_macro 0.458059 val_mae_norm_macro 0.487793 val_minus_train_mae_norm 0.029734 best_val_mae_norm_macro 0.467965 patience_val 8 / 15 patience_overfit_gap 0 / off
epoch 12 train_mse 0.963724 train_mae_norm_macro 0.426471 val_mae_norm_macro 0.454696 val_minus_train_mae_norm 0.028225 best_val_mae_norm_macro 0.454696 patience_val 0 / 15 patience_overfit_gap 0 / off
epoch 13 train_mse 0.934738 train_mae_norm_macro 0.407729 val_mae_norm_macro 0.430746 val_minus_train_mae_norm 0.023018 best_val_mae_norm_macro 0.430746 patience_val 0 / 15 patience_overfit_gap 0 / off
epoch 14 train_mse 0.90712 train_mae_norm_macro 0.409047 val_mae_norm_macro 0.425476 val_minus_train_mae_norm 0.016429 best_val_mae_norm_macro 0.425476 patience_val 0 / 15 patience_overfit_gap 0 / off
epoch 15 train_mse 0.943106 train_mae_norm_macro 0.38531 val_mae_norm_macro 0.400018 val_minus_train_mae_norm 0.014708 best_val_mae_norm_macro 0.400018 patience_val 0 / 15 patience_overfit_gap 0 / off
epoch 16 train_mse 0.886595 train_mae_norm_macro 0.345798 val_mae_norm_macro 0.378026 val_minus_train_mae_norm 0.032228 best_val_mae_norm_macro 0.378026 patience_val 0 / 15 patience_overfit_gap 0 / off
epoch 17 train_mse 0.84046 train_mae_norm_macro 0.352667 val_mae_norm_macro 0.374294 val_minus_train_mae_norm 0.021627 best_val_mae_norm_macro 0.374294 patience_val 0 / 15 patience_overfit_gap 0 / off
epoch 18 train_mse 0.84862 train_mae_norm_macro 0.344664 val_mae_norm_macro 0.37386 val_minus_train_mae_norm 0.029197 best_val_mae_norm_macro 0.37386 patience_val 0 / 15 patience_overfit_gap 0 / off
epoch 20 train_mse 0.85193 train_mae_norm_macro 0.360612 val_mae_norm_macro 0.379623 val_minus_train_mae_norm 0.019012 best_val_mae_norm_macro 0.37386 patience_val 2 / 15 patience_overfit_gap 0 / off
epoch 25 train_mse 0.829952 train_mae_norm_macro 0.333459 val_mae_norm_macro 0.373858 val_minus_train_mae_norm 0.040398 best_val_mae_norm_macro 0.373858 patience_val 0 / 15 patience_overfit_gap 0 / off
epoch 27 train_mse 0.819478 train_mae_norm_macro 0.326575 val_mae_norm_macro 0.372575 val_minus_train_mae_norm 0.046 best_val_mae_norm_macro 0.372575 patience_val 0 / 15 patience_overfit_gap 0 / off
epoch 28 train_mse 0.820364 train_mae_norm_macro 0.325988 val_mae_norm_macro 0.367154 val_minus_train_mae_norm 0.041166 best_val_mae_norm_macro 0.367154 patience_val 0 / 15 patience_overfit_gap 0 / off
epoch 29 train_mse 0.819274 train_mae_norm_macro 0.328854 val_mae_norm_macro 0.36485 val_minus_train_mae_norm 0.035996 best_val_mae_norm_macro 0.36485 patience_val 0 / 15 patience_overfit_gap 0 / off
epoch 30 train_mse 0.820765 train_mae_norm_macro 0.329983 val_mae_norm_macro 0.364537 val_minus_train_mae_norm 0.034554 best_val_mae_norm_macro 0.364537 patience_val 0 / 15 patience_overfit_gap 0 / off
epoch 35 train_mse 0.809363 train_mae_norm_macro 0.338838 val_mae_norm_macro 0.373215 val_minus_train_mae_norm 0.034376 best_val_mae_norm_macro 0.364537 patience_val 5 / 15 patience_overfit_gap 0 / off
epoch 40 train_mse 0.795784 train_mae_norm_macro 0.327592 val_mae_norm_macro 0.374777 val_minus_train_mae_norm 0.047186 best_val_mae_norm_macro 0.364537 patience_val 10 / 15 patience_overfit_gap 0 / off
epoch 45 train_mse 0.836813 train_mae_norm_macro 0.389532 val_mae_norm_macro 0.413483 val_minus_train_mae_norm 0.023951 best_val_mae_norm_macro 0.364537 patience_val 15 / 15 patience_overfit_gap 0 / off
early stop: val metric patience exhausted
lstm train_wall_seconds 87.537 stopped_epoch 45 best_val_mae_norm_macro 0.364537

LSTM Regression metrics ON TRAIN (fit set, denormalized Y)
mae mean 0.456372 median 0.127062 p90_across_columns 0.481309
rmse mean 0.833517 median 0.449132 p90_across_columns 0.783527
r2 mean 0.181119 median 0.012196 p90_across_columns 0.659148
r2_pooled 0.007878 note per-column r2 mean is mean of per-target R2; a few near-constant y columns (tiny ss_tot) make R2 explode negative; median and r2_pooled are safer headlines
medae_column mean 0.271264 median 0.048752 p90_across_columns 0.228152
abs_error_p90_within_column mean 1.400722 median 0.397055 p90_across_columns 1.698599
explained_variance mean 0.182243 median 0.012703 p90_across_columns 0.660601
max_abs_column mean 8.942981 median 5.601754 p90_across_columns 9.609956
column_pearson mean 0.309226 median 0.134138 p90_across_columns 0.812809 fraction_nan 0.0
row_cosine mean 0.993742 median 0.99861 p90_across_rows 0.999877

LSTM metrics ON VALIDATION (denormalized Y)
mae mean 0.499172 median 0.148838 p90_across_columns 0.499481
rmse mean 0.800341 median 0.437799 p90_across_columns 0.836428
r2 mean 0.164341 median 0.00729 p90_across_columns 0.66394
r2_pooled 0.011604 note per-column r2 mean is mean of per-target R2; a few near-constant y columns (tiny ss_tot) make R2 explode negative; median and r2_pooled are safer headlines
medae_column mean 0.323272 median 0.049812 p90_across_columns 0.257651
abs_error_p90_within_column mean 1.769137 median 1.026855 p90_across_columns 1.820841
explained_variance mean 0.186661 median 0.032723 p90_across_columns 0.666394
max_abs_column mean 3.693554 median 2.424815 p90_across_columns 4.753743
column_pearson mean 0.350951 median 0.259406 p90_across_columns 0.819261 fraction_nan 0.0
row_cosine mean 0.993109 median 0.998354 p90_across_rows 0.999863

LSTM Regression metrics ON TEST ONLY
mae mean 0.454679 median 0.223346 p90_across_columns 0.611602
rmse mean 0.817723 median 0.464026 p90_across_columns 1.314474
r2 mean -89771547.960546 median -0.132204 p90_across_columns -0.002898
r2_pooled -0.094778 note per-column r2 mean is mean of per-target R2; a few near-constant y columns (tiny ss_tot) make R2 explode negative; median and r2_pooled are safer headlines
medae_column mean 0.206269 median 0.052203 p90_across_columns 0.192245
abs_error_p90_within_column mean 2.127199 median 1.13578 p90_across_columns 4.634539
explained_variance mean -61431262.897842 median -0.000409 p90_across_columns 0.015267
max_abs_column mean 2.977169 median 1.578366 p90_across_columns 5.924803
column_pearson mean 0.202979 median 0.155708 p90_across_columns 0.611477 fraction_nan 0.0
row_cosine mean 0.993804 median 0.998635 p90_across_rows 0.999905

top 30 y_columns by pearson (tie-break lower mae); per-column medae / p90|err| / mae
1 mfcc_std_09 pearson 0.687406 mae 0.208784 medae 0.150772 abs_p90 0.402455
2 tempo pearson 0.672074 mae 0.130962 medae 0.117756 abs_p90 0.305416
3 mfcc_std_08 pearson 0.665536 mae 0.096753 medae 0.032616 abs_p90 0.304362
4 mfcc_std_16 pearson 0.665525 mae 0.152709 medae 0.071342 abs_p90 0.420034
5 mfcc_std_14 pearson 0.662175 mae 0.168186 medae 0.110335 abs_p90 0.360209
6 mfcc_p95_01 pearson 0.661949 mae 0.17772 medae 0.110734 abs_p90 0.419761
7 mfcc_p05_14 pearson 0.660746 mae 0.176566 medae 0.094922 abs_p90 0.446556
8 mfcc_std_12 pearson 0.660515 mae 0.123069 medae 0.040146 abs_p90 0.387305
9 mfcc_mean_01 pearson 0.659735 mae 0.108546 medae 0.031427 abs_p90 0.36444
10 mfcc_std_05 pearson 0.657789 mae 0.118097 medae 0.040294 abs_p90 0.362032
11 mfcc_std_02 pearson 0.657786 mae 0.117634 medae 0.048798 abs_p90 0.351544
12 mfcc_p05_18 pearson 0.657438 mae 0.102573 medae 0.031655 abs_p90 0.316142
13 mfcc_std_10 pearson 0.655247 mae 0.199167 medae 0.139087 abs_p90 0.404386
14 mfcc_std_17 pearson 0.654116 mae 0.198992 medae 0.13859 abs_p90 0.409415
15 mfcc_mean_00 pearson 0.653777 mae 0.10288 medae 0.03261 abs_p90 0.334206
16 mfcc_std_11 pearson 0.653725 mae 0.137146 medae 0.074209 abs_p90 0.350613
17 mfcc_p05_12 pearson 0.652137 mae 0.084462 medae 0.028303 abs_p90 0.290316
18 mfcc_std_15 pearson 0.649092 mae 0.254095 medae 0.203375 abs_p90 0.432055
19 mfcc_p05_09 pearson 0.648526 mae 0.084049 medae 0.058768 abs_p90 0.220246
20 mfcc_std_18 pearson 0.645988 mae 0.258995 medae 0.222971 abs_p90 0.40574
21 mfcc_std_19 pearson 0.645606 mae 0.194906 medae 0.141802 abs_p90 0.390022
22 mfcc_std_07 pearson 0.644345 mae 0.120902 medae 0.059377 abs_p90 0.35728
23 mfcc_p05_19 pearson 0.643614 mae 0.105658 medae 0.064564 abs_p90 0.292502
24 mfcc_std_13 pearson 0.634938 mae 0.170933 medae 0.113678 abs_p90 0.360624
25 mfcc_p95_04 pearson 0.632189 mae 0.118428 medae 0.057517 abs_p90 0.377751
26 mfcc_std_03 pearson 0.630669 mae 0.109732 medae 0.073471 abs_p90 0.314181
27 mfcc_p05_16 pearson 0.629615 mae 0.12381 medae 0.055945 abs_p90 0.364888
28 mfcc_p05_08 pearson 0.626049 mae 0.117537 medae 0.068808 abs_p90 0.277674
29 mfcc_p95_00 pearson 0.625105 mae 0.085467 medae 0.033419 abs_p90 0.261425
30 mfcc_p95_05 pearson 0.620267 mae 0.111757 medae 0.064045 abs_p90 0.33003
wrote per-column metrics csv /content/drive/MyDrive/rubert_runs/run_012_lstm_like002_seed39/per_column_metrics.csv

retrieval hit rates
rmse hit@ 35.0 percent 0.582051 hits 454 total 780 skipped_single_or_missing 0
mae hit@ 35.0 percent 0.560256 hits 437 total 780 skipped_single_or_missing 0
cosine hit@ 35.0 percent 0.555128 hits 433 total 780 skipped_single_or_missing 0
