mlp_autoreg_lags raw_emb_dim 768 embedding_lags 2 concat_in_dim 2304 pred_lags 2 extra_in 641 rows 19174
held_out_games_seed fixed 17

TRAIN/TEST SPLIT BEFORE TRAINING
seed 40
split mode leave_games_out
split test_fraction 0.2
split test_games requested 3
split held_out_games 3 ['MilgramSubstitution-DEMO-1.4.2-pc', 'ScarredSoul-0.2.0.0-pc', 'TheJesterAndThePrince_RU-2.5-pc']
train rows 18394 games covered 38
test rows 780 games covered 3
train_test_index_overlap 0
tune_split val_fraction 0.1
refit_best_on_train_plus_val False
mlp_autoreg_lags val_split tail tune rows 16537 val rows 1857 games tune 38 games val 38
mlp_autoreg_lags index_overlap tune_val 0 tune_test 0 val_test 0
mlp_autoreg_lags device cuda in_dim 2945 out_dim 320 hidden [256, 128] params 828352
scheduled_sampling_p_use_pred_hat 0.0
epoch 1 train_mse_seq 0.591475 train_mae_norm_seq 0.337358 val_mae_norm_seq 0.347017 val_minus_train_mae_norm 0.00966 best_val_mae_norm_seq 0.347017 patience_val 0 / 12 patience_overfit_gap 0 / off
scheduled_sampling_p_use_pred_hat 0.0
epoch 5 train_mse_seq 0.565772 train_mae_norm_seq 0.321821 val_mae_norm_seq 0.338828 val_minus_train_mae_norm 0.017006 best_val_mae_norm_seq 0.338828 patience_val 0 / 12 patience_overfit_gap 0 / off
epoch 7 train_mse_seq 0.590661 train_mae_norm_seq 0.323434 val_mae_norm_seq 0.331532 val_minus_train_mae_norm 0.008098 best_val_mae_norm_seq 0.331532 patience_val 0 / 12 patience_overfit_gap 0 / off
scheduled_sampling_p_use_pred_hat 0.01129
epoch 10 train_mse_seq 0.590371 train_mae_norm_seq 0.371887 val_mae_norm_seq 0.392858 val_minus_train_mae_norm 0.02097 best_val_mae_norm_seq 0.331532 patience_val 3 / 12 patience_overfit_gap 0 / off
epoch 14 train_mse_seq 0.566743 train_mae_norm_seq 0.313112 val_mae_norm_seq 0.331368 val_minus_train_mae_norm 0.018256 best_val_mae_norm_seq 0.331368 patience_val 0 / 12 patience_overfit_gap 0 / off
scheduled_sampling_p_use_pred_hat 0.039516
epoch 15 train_mse_seq 0.565325 train_mae_norm_seq 0.327451 val_mae_norm_seq 0.348289 val_minus_train_mae_norm 0.020838 best_val_mae_norm_seq 0.331368 patience_val 1 / 12 patience_overfit_gap 0 / off
scheduled_sampling_p_use_pred_hat 0.067742
epoch 20 train_mse_seq 0.596589 train_mae_norm_seq 0.289768 val_mae_norm_seq 0.306066 val_minus_train_mae_norm 0.016298 best_val_mae_norm_seq 0.306066 patience_val 0 / 12 patience_overfit_gap 0 / off
scheduled_sampling_p_use_pred_hat 0.095968
epoch 25 train_mse_seq 0.601908 train_mae_norm_seq 0.318496 val_mae_norm_seq 0.318989 val_minus_train_mae_norm 0.000493 best_val_mae_norm_seq 0.306066 patience_val 5 / 12 patience_overfit_gap 0 / off
scheduled_sampling_p_use_pred_hat 0.124194
epoch 30 train_mse_seq 0.624669 train_mae_norm_seq 0.444249 val_mae_norm_seq 0.479044 val_minus_train_mae_norm 0.034795 best_val_mae_norm_seq 0.306066 patience_val 10 / 12 patience_overfit_gap 0 / off
early stop: val metric patience exhausted
mlp_autoreg_lags train_wall_seconds 1401.105 stopped_epoch 32 best_val_mae_norm_seq 0.306066

MLP+lags+autoreg Regression metrics ON TRAIN (fit set, denormalized Y; order shuffled once for eval)
mae mean 0.441437 median 0.117228 p90_across_columns 0.459095
rmse mean 0.777471 median 0.367018 p90_across_columns 0.777201
r2 mean 0.387405 median 0.385252 p90_across_columns 0.73906
r2_pooled -0.0129 note per-column r2 mean is mean of per-target R2; a few near-constant y columns (tiny ss_tot) make R2 explode negative; median and r2_pooled are safer headlines
medae_column mean 0.261789 median 0.044365 p90_across_columns 0.210614
abs_error_p90_within_column mean 1.278418 median 0.300683 p90_across_columns 1.662303
explained_variance mean 0.398237 median 0.398709 p90_across_columns 0.756408
max_abs_column mean 8.996898 median 5.744392 p90_across_columns 9.563315
column_pearson mean 0.6102 median 0.643955 p90_across_columns 0.880733 fraction_nan 0.0
row_cosine mean 0.992697 median 0.998793 p90_across_rows 0.999885

MLP+lags+autoreg metrics ON VALIDATION (denormalized Y, sequential)
mae mean 0.464555 median 0.133591 p90_across_columns 0.465092
rmse mean 0.730704 median 0.376638 p90_across_columns 0.804319
r2 mean 0.414921 median 0.523816 p90_across_columns 0.757261
r2_pooled 0.00998 note per-column r2 mean is mean of per-target R2; a few near-constant y columns (tiny ss_tot) make R2 explode negative; median and r2_pooled are safer headlines
medae_column mean 0.296075 median 0.052527 p90_across_columns 0.200579
abs_error_p90_within_column mean 1.423143 median 0.542297 p90_across_columns 1.7969
explained_variance mean 0.438387 median 0.556242 p90_across_columns 0.774937
max_abs_column mean 3.710826 median 2.525944 p90_across_columns 4.775234
column_pearson mean 0.643282 median 0.763608 p90_across_columns 0.889185 fraction_nan 0.0
row_cosine mean 0.993657 median 0.998479 p90_across_rows 0.999906

MLP+lags+autoreg Regression metrics ON TEST ONLY (sequential)
mae mean 0.456404 median 0.22628 p90_across_columns 0.628875
rmse mean 0.818762 median 0.47123 p90_across_columns 1.296895
r2 mean -8389461.851512 median -0.112999 p90_across_columns 0.154298
r2_pooled -0.452495 note per-column r2 mean is mean of per-target R2; a few near-constant y columns (tiny ss_tot) make R2 explode negative; median and r2_pooled are safer headlines
medae_column mean 0.275001 median 0.054904 p90_across_columns 0.263553
abs_error_p90_within_column mean 2.05795 median 1.105737 p90_across_columns 4.122953
explained_variance mean -6257195.949517 median 0.00305 p90_across_columns 0.239767
max_abs_column mean 2.950956 median 1.661337 p90_across_columns 5.89583
column_pearson mean 0.22558 median 0.165617 p90_across_columns 0.627956 fraction_nan 0.0
row_cosine mean 0.994005 median 0.999036 p90_across_rows 0.999906

top 30 y_columns by pearson (tie-break lower mae); per-column medae / p90|err| / mae
1 spectral_flatness_std pearson 0.903657 mae 0.505156 medae 0.13369 abs_p90 3.362212
2 jamendo_genre_funk pearson 0.819754 mae 0.357629 medae 0.023633 abs_p90 2.429006
3 jamendo_moodtheme_corporate pearson 0.818149 mae 0.639577 medae 0.06226 abs_p90 7.577307
4 jamendo_instrument_trombone pearson 0.811692 mae 0.126412 medae 0.082655 abs_p90 0.447664
5 jamendo_genre_acidjazz pearson 0.805292 mae 0.622236 medae 0.007288 abs_p90 5.941188
6 jamendo_moodtheme_sexy pearson 0.789273 mae 0.212043 medae 0.015594 abs_p90 1.935923
7 jamendo_instrument_violin pearson 0.784726 mae 0.22635 medae 0.156816 abs_p90 0.760969
8 jamendo_genre_fusion pearson 0.778369 mae 0.65359 medae 0.009456 abs_p90 7.979229
9 jamendo_genre_worldfusion pearson 0.77515 mae 0.400948 medae 0.004868 abs_p90 2.635324
10 jamendo_genre_country pearson 0.767942 mae 0.297465 medae 0.011587 abs_p90 4.295148
11 jamendo_moodtheme_happy pearson 0.759525 mae 0.415336 medae 0.075139 abs_p90 3.185125
12 jamendo_moodtheme_cool pearson 0.755217 mae 0.426763 medae 0.016304 abs_p90 2.725127
13 jamendo_genre_breakbeat pearson 0.751949 mae 0.209292 medae 0.015036 abs_p90 1.212077
14 jamendo_instrument_drummachine pearson 0.709378 mae 0.23633 medae 0.109043 abs_p90 1.090993
15 jamendo_genre_jazzfusion pearson 0.709254 mae 0.783841 medae 0.015719 abs_p90 11.993989
16 rms_p95 pearson 0.708416 mae 0.453739 medae 0.208194 abs_p90 1.723003
17 jamendo_genre_instrumentalpop pearson 0.701133 mae 0.2625 medae 0.049285 abs_p90 1.886055
18 jamendo_genre_pop pearson 0.697167 mae 0.498926 medae 0.257842 abs_p90 2.860662
19 jamendo_genre_disco pearson 0.69407 mae 0.188963 medae 0.01867 abs_p90 1.253134
20 spectral_zcr_std pearson 0.690254 mae 0.507784 medae 0.121688 abs_p90 2.500582
21 rms_std pearson 0.675574 mae 0.661326 medae 0.066066 abs_p90 7.069649
22 jamendo_genre_swing pearson 0.671295 mae 0.688236 medae 0.010057 abs_p90 10.414774
23 jamendo_moodtheme_positive pearson 0.668587 mae 0.403507 medae 0.057046 abs_p90 3.255444
24 jamendo_genre_70s pearson 0.666353 mae 0.210968 medae 0.003642 abs_p90 1.477076
25 jamendo_instrument_guitar pearson 0.665477 mae 0.417855 medae 0.415389 abs_p90 1.340933
26 jamendo_genre_experimental pearson 0.663797 mae 0.402728 medae 0.223299 abs_p90 1.900782
27 jamendo_genre_groove pearson 0.646373 mae 0.211947 medae 0.01246 abs_p90 1.982496
28 jamendo_instrument_sampler pearson 0.639135 mae 0.237177 medae 0.06373 abs_p90 1.4816
29 jamendo_moodtheme_groovy pearson 0.636472 mae 0.198278 medae 0.019664 abs_p90 1.149728
30 jamendo_instrument_viola pearson 0.634463 mae 0.14517 medae 0.079661 abs_p90 0.591033
wrote per-column metrics csv /content/drive/MyDrive/rubert_runs/run_019_autoreg_light_budget/per_column_metrics.csv

retrieval hit rates
rmse hit@ 35.0 percent 0.565385 hits 441 total 780 skipped_single_or_missing 0
mae hit@ 35.0 percent 0.515385 hits 402 total 780 skipped_single_or_missing 0
cosine hit@ 35.0 percent 0.608974 hits 475 total 780 skipped_single_or_missing 0
