gru raw_emb_dim 768 embedding_lags 1 in_dim 1536 rows 19174
held_out_games_seed fixed 42

TRAIN/TEST SPLIT BEFORE TRAINING
seed 42
split mode leave_games_out
split test_fraction 0.2
split test_games requested 3
split held_out_games 3 ['DAXSENewYearsStory-pc', 'contractdemon-2.2.7-pc', 'undercareoftheforest-1.0.3-pc']
train rows 18553 games covered 38
test rows 621 games covered 3
train_test_index_overlap 0
tune_split val_fraction 0.1
refit_best_on_train_plus_val False
gru val_split tail tune rows 16681 val rows 1872 games tune 38 games val 38
gru index_overlap tune_val 0 tune_test 0 val_test 0
gru device cuda in_dim 1536 out_dim 320 gru_hidden 256 gru_layers 1 params 1460032
gru train_wall_seconds 86.083 stopped_epoch 55 best_val_mae_norm_macro 0.351306

GRU Regression metrics ON TRAIN (fit set, denormalized Y)
mae mean 0.448602 median 0.14544 p90_across_columns 0.440773
rmse mean 0.80723 median 0.455402 p90_across_columns 0.716978
r2 mean 0.262614 median 0.110767 p90_across_columns 0.731763
r2_pooled 0.091329 note per-column r2 mean is mean of per-target R2; a few near-constant y columns (tiny ss_tot) make R2 explode negative; median and r2_pooled are safer headlines
medae_column mean 0.276985 median 0.064286 p90_across_columns 0.220678
abs_error_p90_within_column mean 1.341539 median 0.534617 p90_across_columns 1.571102
explained_variance mean 0.263199 median 0.111347 p90_across_columns 0.732097
max_abs_column mean 9.028993 median 5.908542 p90_across_columns 9.716894
column_pearson mean 0.454835 median 0.34491 p90_across_columns 0.855841 fraction_nan 0.0
row_cosine mean 0.994206 median 0.998793 p90_across_rows 0.999871

GRU metrics ON VALIDATION (denormalized Y)
mae mean 0.484639 median 0.156951 p90_across_columns 0.495689
rmse mean 0.770637 median 0.463229 p90_across_columns 0.821971
r2 mean 0.23209 median 0.112332 p90_across_columns 0.695248
r2_pooled 0.073109 note per-column r2 mean is mean of per-target R2; a few near-constant y columns (tiny ss_tot) make R2 explode negative; median and r2_pooled are safer headlines
medae_column mean 0.322768 median 0.057777 p90_across_columns 0.287955
abs_error_p90_within_column mean 1.608336 median 0.904304 p90_across_columns 1.837377
explained_variance mean 0.249516 median 0.141213 p90_across_columns 0.698764
max_abs_column mean 3.77138 median 2.355877 p90_across_columns 4.781309
column_pearson mean 0.477644 median 0.44333 p90_across_columns 0.841697 fraction_nan 0.0
row_cosine mean 0.993658 median 0.998645 p90_across_rows 0.999883

GRU Regression metrics ON TEST ONLY
mae mean 0.541453 median 0.180397 p90_across_columns 0.73092
rmse mean 0.793947 median 0.386926 p90_across_columns 0.988721
r2 mean -0.888584 median -0.084946 p90_across_columns 0.067746
r2_pooled -1.691065 note per-column r2 mean is mean of per-target R2; a few near-constant y columns (tiny ss_tot) make R2 explode negative; median and r2_pooled are safer headlines
medae_column mean 0.417605 median 0.087551 p90_across_columns 0.507021
abs_error_p90_within_column mean 1.597805 median 1.096461 p90_across_columns 1.819814
explained_variance mean -0.527647 median -0.011593 p90_across_columns 0.129556
max_abs_column mean 2.610445 median 1.75399 p90_across_columns 3.690795
column_pearson mean 0.096967 median 0.086772 p90_across_columns 0.399835 fraction_nan 0.0
row_cosine mean 0.987748 median 0.99596 p90_across_rows 0.999556

top 30 y_columns by pearson (tie-break lower mae); per-column medae / p90|err| / mae
1 jamendo_instrument_drums pearson 0.602873 mae 0.255065 medae 0.161659 abs_p90 1.282003
2 jamendo_instrument_bass pearson 0.555785 mae 0.261784 medae 0.165465 abs_p90 1.231668
3 jamendo_instrument_electricguitar pearson 0.553583 mae 0.16745 medae 0.088054 abs_p90 1.090114
4 jamendo_instrument_guitar pearson 0.50988 mae 0.179374 medae 0.103942 abs_p90 0.725583
5 jamendo_instrument_voice pearson 0.508519 mae 0.097479 medae 0.029757 abs_p90 0.994848
6 jamendo_genre_rock pearson 0.506907 mae 0.145617 medae 0.063904 abs_p90 0.922332
7 jamendo_instrument_harmonica pearson 0.489797 mae 0.126667 medae 0.038797 abs_p90 0.966595
8 jamendo_genre_country pearson 0.474374 mae 0.069745 medae 0.019429 abs_p90 0.620692
9 jamendo_genre_popfolk pearson 0.469127 mae 0.094563 medae 0.054865 abs_p90 0.627691
10 jamendo_instrument_doublebass pearson 0.467734 mae 0.108457 medae 0.047625 abs_p90 0.682775
11 chroma_mean_01 pearson 0.462481 mae 0.618665 medae 0.331177 abs_p90 1.548452
12 jamendo_genre_hardrock pearson 0.460786 mae 0.122473 medae 0.100393 abs_p90 0.456292
13 jamendo_instrument_flute pearson 0.449439 mae 0.160854 medae 0.109376 abs_p90 0.889598
14 jamendo_genre_atmospheric pearson 0.449378 mae 0.125349 medae 0.091953 abs_p90 0.471569
15 jamendo_genre_alternative pearson 0.442518 mae 0.154396 medae 0.077507 abs_p90 0.799712
16 chroma_mean_02 pearson 0.440431 mae 0.586574 medae 0.497196 abs_p90 1.982958
17 jamendo_genre_postrock pearson 0.440218 mae 0.090829 medae 0.050679 abs_p90 0.472185
18 jamendo_genre_darkwave pearson 0.436548 mae 0.134492 medae 0.095854 abs_p90 0.724841
19 chroma_mean_06 pearson 0.435867 mae 0.711044 medae 0.330332 abs_p90 4.87305
20 jamendo_instrument_clarinet pearson 0.428887 mae 0.094747 medae 0.050098 abs_p90 0.542357
21 jamendo_genre_poprock pearson 0.428314 mae 0.142675 medae 0.08699 abs_p90 0.770107
22 jamendo_genre_alternativerock pearson 0.425117 mae 0.109912 medae 0.040529 abs_p90 0.808879
23 jamendo_genre_soundtrack pearson 0.424888 mae 0.129374 medae 0.090252 abs_p90 0.259578
24 chroma_mean_10 pearson 0.422073 mae 0.702122 medae 0.462691 abs_p90 2.164699
25 mfcc_mean_16 pearson 0.419375 mae 0.309782 medae 0.186988 abs_p90 0.75709
26 jamendo_genre_grunge pearson 0.411215 mae 0.079922 medae 0.024452 abs_p90 0.602253
27 jamendo_instrument_trumpet pearson 0.410274 mae 0.15491 medae 0.050038 abs_p90 1.169286
28 rms_max pearson 0.408733 mae 0.491785 medae 0.128052 abs_p90 3.045288
29 chroma_mean_11 pearson 0.406562 mae 0.714917 medae 0.311251 abs_p90 4.954583
30 chroma_entropy pearson 0.406455 mae 0.762055 medae 0.814669 abs_p90 1.438299
wrote per-column metrics csv /content/drive/MyDrive/rubert_runs/run_002_gru/per_column_metrics.csv

retrieval hit rates
rmse hit@ 15.0 percent 0.338164 hits 210 total 621 skipped_single_or_missing 0
mae hit@ 15.0 percent 0.359098 hits 223 total 621 skipped_single_or_missing 0
cosine hit@ 15.0 percent 0.402576 hits 250 total 621 skipped_single_or_missing 0
