tcn raw_emb_dim 768 embedding_lags 8 in_dim 6912 rows 19174
held_out_games_seed fixed 17

TRAIN/TEST SPLIT BEFORE TRAINING
seed 41
split mode leave_games_out
split test_fraction 0.2
split test_games requested 3
split held_out_games 3 ['MilgramSubstitution-DEMO-1.4.2-pc', 'ScarredSoul-0.2.0.0-pc', 'TheJesterAndThePrince_RU-2.5-pc']
train rows 18394 games covered 38
test rows 780 games covered 3
train_test_index_overlap 0
tune_split val_fraction 0.1
refit_best_on_train_plus_val False
tcn val_split tail tune rows 16537 val rows 1857 games tune 38 games val 38
tcn index_overlap tune_val 0 tune_test 0 val_test 0
tcn device cuda in_dim 6912 out_dim 320 tcn_channels 320 tcn_levels 6 tcn_kernel 3 params 8276160
epoch 1 train_mse 1.001096 train_mae_norm_macro 0.476859 val_mae_norm_macro 0.502261 val_minus_train_mae_norm 0.025402 best_val_mae_norm_macro 0.502261 patience_val 0 / 15 patience_overfit_gap 0 / off
epoch 2 train_mse 1.002777 train_mae_norm_macro 0.470869 val_mae_norm_macro 0.501214 val_minus_train_mae_norm 0.030345 best_val_mae_norm_macro 0.501214 patience_val 0 / 15 patience_overfit_gap 0 / off
epoch 3 train_mse 1.000675 train_mae_norm_macro 0.470163 val_mae_norm_macro 0.500576 val_minus_train_mae_norm 0.030413 best_val_mae_norm_macro 0.500576 patience_val 0 / 15 patience_overfit_gap 0 / off
epoch 4 train_mse 1.000245 train_mae_norm_macro 0.46863 val_mae_norm_macro 0.499246 val_minus_train_mae_norm 0.030616 best_val_mae_norm_macro 0.499246 patience_val 0 / 15 patience_overfit_gap 0 / off
epoch 5 train_mse 0.997877 train_mae_norm_macro 0.471332 val_mae_norm_macro 0.49697 val_minus_train_mae_norm 0.025639 best_val_mae_norm_macro 0.49697 patience_val 0 / 15 patience_overfit_gap 0 / off
epoch 8 train_mse 0.99681 train_mae_norm_macro 0.456826 val_mae_norm_macro 0.487449 val_minus_train_mae_norm 0.030623 best_val_mae_norm_macro 0.487449 patience_val 0 / 15 patience_overfit_gap 0 / off
epoch 9 train_mse 0.969779 train_mae_norm_macro 0.503473 val_mae_norm_macro 0.487389 val_minus_train_mae_norm -0.016084 best_val_mae_norm_macro 0.487389 patience_val 0 / 15 patience_overfit_gap 0 / off
epoch 10 train_mse 1.019667 train_mae_norm_macro 0.451012 val_mae_norm_macro 0.483242 val_minus_train_mae_norm 0.03223 best_val_mae_norm_macro 0.483242 patience_val 0 / 15 patience_overfit_gap 0 / off
epoch 15 train_mse 0.978672 train_mae_norm_macro 0.444519 val_mae_norm_macro 0.483876 val_minus_train_mae_norm 0.039357 best_val_mae_norm_macro 0.483242 patience_val 5 / 15 patience_overfit_gap 0 / off
epoch 16 train_mse 0.963643 train_mae_norm_macro 0.42852 val_mae_norm_macro 0.472378 val_minus_train_mae_norm 0.043858 best_val_mae_norm_macro 0.472378 patience_val 0 / 15 patience_overfit_gap 0 / off
epoch 17 train_mse 0.940534 train_mae_norm_macro 0.421228 val_mae_norm_macro 0.46128 val_minus_train_mae_norm 0.040052 best_val_mae_norm_macro 0.46128 patience_val 0 / 15 patience_overfit_gap 0 / off
epoch 18 train_mse 0.922312 train_mae_norm_macro 0.427644 val_mae_norm_macro 0.457269 val_minus_train_mae_norm 0.029625 best_val_mae_norm_macro 0.457269 patience_val 0 / 15 patience_overfit_gap 0 / off
epoch 19 train_mse 0.918129 train_mae_norm_macro 0.423854 val_mae_norm_macro 0.445289 val_minus_train_mae_norm 0.021435 best_val_mae_norm_macro 0.445289 patience_val 0 / 15 patience_overfit_gap 0 / off
epoch 20 train_mse 0.913228 train_mae_norm_macro 0.398533 val_mae_norm_macro 0.428501 val_minus_train_mae_norm 0.029969 best_val_mae_norm_macro 0.428501 patience_val 0 / 15 patience_overfit_gap 0 / off
epoch 21 train_mse 0.892639 train_mae_norm_macro 0.374438 val_mae_norm_macro 0.42735 val_minus_train_mae_norm 0.052911 best_val_mae_norm_macro 0.42735 patience_val 0 / 15 patience_overfit_gap 0 / off
epoch 25 train_mse 0.86932 train_mae_norm_macro 0.376532 val_mae_norm_macro 0.422556 val_minus_train_mae_norm 0.046024 best_val_mae_norm_macro 0.422556 patience_val 0 / 15 patience_overfit_gap 0 / off
epoch 26 train_mse 0.861189 train_mae_norm_macro 0.363998 val_mae_norm_macro 0.409734 val_minus_train_mae_norm 0.045736 best_val_mae_norm_macro 0.409734 patience_val 0 / 15 patience_overfit_gap 0 / off
epoch 27 train_mse 0.853109 train_mae_norm_macro 0.367083 val_mae_norm_macro 0.401864 val_minus_train_mae_norm 0.034781 best_val_mae_norm_macro 0.401864 patience_val 0 / 15 patience_overfit_gap 0 / off
epoch 30 train_mse 0.845806 train_mae_norm_macro 0.358148 val_mae_norm_macro 0.40264 val_minus_train_mae_norm 0.044492 best_val_mae_norm_macro 0.401864 patience_val 3 / 15 patience_overfit_gap 0 / off
epoch 31 train_mse 0.841207 train_mae_norm_macro 0.359823 val_mae_norm_macro 0.395499 val_minus_train_mae_norm 0.035676 best_val_mae_norm_macro 0.395499 patience_val 0 / 15 patience_overfit_gap 0 / off
epoch 32 train_mse 0.838394 train_mae_norm_macro 0.353252 val_mae_norm_macro 0.389961 val_minus_train_mae_norm 0.036709 best_val_mae_norm_macro 0.389961 patience_val 0 / 15 patience_overfit_gap 0 / off
epoch 35 train_mse 0.830111 train_mae_norm_macro 0.348893 val_mae_norm_macro 0.394573 val_minus_train_mae_norm 0.04568 best_val_mae_norm_macro 0.389961 patience_val 3 / 15 patience_overfit_gap 0 / off
epoch 36 train_mse 0.830652 train_mae_norm_macro 0.343743 val_mae_norm_macro 0.385345 val_minus_train_mae_norm 0.041602 best_val_mae_norm_macro 0.385345 patience_val 0 / 15 patience_overfit_gap 0 / off
epoch 37 train_mse 0.821995 train_mae_norm_macro 0.342616 val_mae_norm_macro 0.378921 val_minus_train_mae_norm 0.036305 best_val_mae_norm_macro 0.378921 patience_val 0 / 15 patience_overfit_gap 0 / off
epoch 40 train_mse 0.816961 train_mae_norm_macro 0.344053 val_mae_norm_macro 0.387759 val_minus_train_mae_norm 0.043707 best_val_mae_norm_macro 0.378921 patience_val 3 / 15 patience_overfit_gap 0 / off
epoch 42 train_mse 0.815966 train_mae_norm_macro 0.332204 val_mae_norm_macro 0.376992 val_minus_train_mae_norm 0.044787 best_val_mae_norm_macro 0.376992 patience_val 0 / 15 patience_overfit_gap 0 / off
epoch 43 train_mse 0.81574 train_mae_norm_macro 0.32945 val_mae_norm_macro 0.37572 val_minus_train_mae_norm 0.04627 best_val_mae_norm_macro 0.37572 patience_val 0 / 15 patience_overfit_gap 0 / off
epoch 45 train_mse 0.811126 train_mae_norm_macro 0.33367 val_mae_norm_macro 0.37931 val_minus_train_mae_norm 0.04564 best_val_mae_norm_macro 0.37572 patience_val 2 / 15 patience_overfit_gap 0 / off
epoch 46 train_mse 0.812443 train_mae_norm_macro 0.328714 val_mae_norm_macro 0.374903 val_minus_train_mae_norm 0.046189 best_val_mae_norm_macro 0.374903 patience_val 0 / 15 patience_overfit_gap 0 / off
epoch 47 train_mse 0.809253 train_mae_norm_macro 0.332887 val_mae_norm_macro 0.374586 val_minus_train_mae_norm 0.041699 best_val_mae_norm_macro 0.374586 patience_val 0 / 15 patience_overfit_gap 0 / off
epoch 48 train_mse 0.809893 train_mae_norm_macro 0.327313 val_mae_norm_macro 0.3731 val_minus_train_mae_norm 0.045787 best_val_mae_norm_macro 0.3731 patience_val 0 / 15 patience_overfit_gap 0 / off
epoch 50 train_mse 0.807214 train_mae_norm_macro 0.331039 val_mae_norm_macro 0.380699 val_minus_train_mae_norm 0.049659 best_val_mae_norm_macro 0.3731 patience_val 2 / 15 patience_overfit_gap 0 / off
epoch 55 train_mse 0.802513 train_mae_norm_macro 0.329153 val_mae_norm_macro 0.375105 val_minus_train_mae_norm 0.045953 best_val_mae_norm_macro 0.3731 patience_val 7 / 15 patience_overfit_gap 0 / off
epoch 60 train_mse 0.797328 train_mae_norm_macro 0.332771 val_mae_norm_macro 0.379604 val_minus_train_mae_norm 0.046833 best_val_mae_norm_macro 0.3731 patience_val 12 / 15 patience_overfit_gap 0 / off
early stop: val metric patience exhausted
tcn train_wall_seconds 170.203 stopped_epoch 63 best_val_mae_norm_macro 0.3731

TCN Regression metrics ON TRAIN (fit set, denormalized Y)
mae mean 0.44929 median 0.129172 p90_across_columns 0.458408
rmse mean 0.819898 median 0.446271 p90_across_columns 0.777247
r2 mean 0.197018 median 0.015606 p90_across_columns 0.709089
r2_pooled 0.013939 note per-column r2 mean is mean of per-target R2; a few near-constant y columns (tiny ss_tot) make R2 explode negative; median and r2_pooled are safer headlines
medae_column mean 0.259604 median 0.05231 p90_across_columns 0.205289
abs_error_p90_within_column mean 1.392932 median 0.417703 p90_across_columns 1.63536
explained_variance mean 0.197318 median 0.015907 p90_across_columns 0.709201
max_abs_column mean 8.864537 median 5.567813 p90_across_columns 9.613236
column_pearson mean 0.31654 median 0.131109 p90_across_columns 0.8424 fraction_nan 0.0
row_cosine mean 0.993886 median 0.998682 p90_across_rows 0.999871

TCN metrics ON VALIDATION (denormalized Y)
mae mean 0.502023 median 0.151741 p90_across_columns 0.507063
rmse mean 0.806144 median 0.449024 p90_across_columns 0.84564
r2 mean 0.147706 median 0.011688 p90_across_columns 0.64416
r2_pooled 0.005167 note per-column r2 mean is mean of per-target R2; a few near-constant y columns (tiny ss_tot) make R2 explode negative; median and r2_pooled are safer headlines
medae_column mean 0.326009 median 0.05364 p90_across_columns 0.247668
abs_error_p90_within_column mean 1.801736 median 1.037588 p90_across_columns 1.927006
explained_variance mean 0.173393 median 0.031867 p90_across_columns 0.661555
max_abs_column mean 3.702625 median 2.417269 p90_across_columns 4.78116
column_pearson mean 0.281979 median 0.220802 p90_across_columns 0.824089 fraction_nan 0.0
row_cosine mean 0.993067 median 0.998199 p90_across_rows 0.999879

TCN Regression metrics ON TEST ONLY
mae mean 0.487875 median 0.243456 p90_across_columns 0.584871
rmse mean 0.855972 median 0.458414 p90_across_columns 1.318371
r2 mean -254375068.207074 median -0.09591 p90_across_columns -0.004885
r2_pooled -0.295188 note per-column r2 mean is mean of per-target R2; a few near-constant y columns (tiny ss_tot) make R2 explode negative; median and r2_pooled are safer headlines
medae_column mean 0.266468 median 0.083246 p90_across_columns 0.259735
abs_error_p90_within_column mean 2.16273 median 1.12866 p90_across_columns 4.519055
explained_variance mean -200448091.189257 median -0.005651 p90_across_columns 0.019991
max_abs_column mean 2.957164 median 1.59851 p90_across_columns 5.888043
column_pearson mean 0.175738 median 0.154688 p90_across_columns 0.498323 fraction_nan 0.0
row_cosine mean 0.993992 median 0.99899 p90_across_rows 0.999875

top 30 y_columns by pearson (tie-break lower mae); per-column medae / p90|err| / mae
1 mfcc_std_13 pearson 0.532934 mae 0.235988 medae 0.262194 abs_p90 0.446008
2 mfcc_std_14 pearson 0.526669 mae 0.231017 medae 0.262438 abs_p90 0.427394
3 mfcc_std_12 pearson 0.525196 mae 0.219735 medae 0.257623 abs_p90 0.382413
4 mfcc_std_05 pearson 0.521991 mae 0.223851 medae 0.244516 abs_p90 0.421628
5 mfcc_p95_19 pearson 0.519525 mae 0.212597 medae 0.167596 abs_p90 0.443859
6 mfcc_std_06 pearson 0.519324 mae 0.228022 medae 0.253136 abs_p90 0.416192
7 mfcc_std_17 pearson 0.517808 mae 0.248049 medae 0.27722 abs_p90 0.458576
8 mfcc_p95_01 pearson 0.517611 mae 0.244404 medae 0.201229 abs_p90 0.48789
9 mfcc_std_18 pearson 0.516287 mae 0.224298 medae 0.259494 abs_p90 0.397499
10 spectral_bandwidth_mean pearson 0.516259 mae 0.223312 medae 0.179845 abs_p90 0.460874
11 mfcc_std_04 pearson 0.51533 mae 0.247394 medae 0.21871 abs_p90 0.530389
12 mfcc_p05_16 pearson 0.515211 mae 0.237743 medae 0.219839 abs_p90 0.4862
13 mfcc_std_09 pearson 0.514422 mae 0.231886 medae 0.264061 abs_p90 0.439294
14 spectral_bandwidth_p05 pearson 0.513165 mae 0.192655 medae 0.143711 abs_p90 0.398494
15 mfcc_std_07 pearson 0.51296 mae 0.248549 medae 0.269515 abs_p90 0.47013
16 spectral_bandwidth_p50 pearson 0.512049 mae 0.216771 medae 0.169349 abs_p90 0.454075
17 mfcc_std_10 pearson 0.5117 mae 0.242798 medae 0.281626 abs_p90 0.444536
18 mfcc_std_08 pearson 0.511455 mae 0.250495 medae 0.239475 abs_p90 0.500797
19 mfcc_std_00 pearson 0.511286 mae 0.23085 medae 0.237564 abs_p90 0.452247
20 spectral_rolloff_p50 pearson 0.509347 mae 0.188985 medae 0.177241 abs_p90 0.38285
21 mfcc_p05_18 pearson 0.506767 mae 0.21353 medae 0.194465 abs_p90 0.435925
22 mfcc_p05_19 pearson 0.505468 mae 0.213463 medae 0.220739 abs_p90 0.423054
23 spectral_rolloff_p05 pearson 0.505172 mae 0.159068 medae 0.12028 abs_p90 0.320921
24 spectral_centroid_mean pearson 0.504991 mae 0.195068 medae 0.159352 abs_p90 0.393516
25 mfcc_std_11 pearson 0.504085 mae 0.236182 medae 0.267271 abs_p90 0.440537
26 spectral_rolloff_mean pearson 0.502765 mae 0.223083 medae 0.129467 abs_p90 0.487146
27 mfcc_std_02 pearson 0.502166 mae 0.246096 medae 0.20805 abs_p90 0.497092
28 spectral_centroid_p05 pearson 0.50159 mae 0.182734 medae 0.1355 abs_p90 0.377927
29 mfcc_std_15 pearson 0.501404 mae 0.227478 medae 0.261898 abs_p90 0.383493
30 tempo pearson 0.500112 mae 0.279041 medae 0.232209 abs_p90 0.560368
wrote per-column metrics csv /content/drive/MyDrive/rubert_runs/run_017_tcn_lag8_softer/per_column_metrics.csv

retrieval hit rates
rmse hit@ 35.0 percent 0.535897 hits 418 total 780 skipped_single_or_missing 0
mae hit@ 35.0 percent 0.555128 hits 433 total 780 skipped_single_or_missing 0
cosine hit@ 35.0 percent 0.574359 hits 448 total 780 skipped_single_or_missing 0
