tf_window raw_emb_dim 768 embedding_lags 12 in_dim 9984 rows 19174
held_out_games_seed fixed 17

TRAIN/TEST SPLIT BEFORE TRAINING
seed 41
split mode leave_games_out
split test_fraction 0.2
split test_games requested 3
split held_out_games 3 ['MilgramSubstitution-DEMO-1.4.2-pc', 'ScarredSoul-0.2.0.0-pc', 'TheJesterAndThePrince_RU-2.5-pc']
train rows 18394 games covered 38
test rows 780 games covered 3
train_test_index_overlap 0
tune_split val_fraction 0.1
refit_best_on_train_plus_val False
tf_window val_split tail tune rows 16537 val rows 1857 games tune 38 games val 38
tf_window index_overlap tune_val 0 tune_test 0 val_test 0
/content/repo/text_scripts/ml_scripts/train_rubert_to_music_transformer_window.py:81: UserWarning: enable_nested_tensor is True, but self.use_nested_tensor is False because encoder_layer.norm_first was True
  self.enc = nn.TransformerEncoder(enc_layer, int(nlayers))
tf_window device cuda in_dim 9984 out_dim 320 tf_window 512 tf_d_model 256 tf_layers 4 tf_heads 4 tf_dim_ff 1024 params 5797440
/usr/local/lib/python3.12/dist-packages/torch/nn/modules/transformer.py:431: UserWarning: Support for mismatched src_key_padding_mask and mask is deprecated. Use same type for both instead.
  src_key_padding_mask = F._canonical_mask(
epoch 1 train_mse 1.700777 train_mae_norm_macro 0.920696 val_mae_norm_macro 1.898699 val_minus_train_mae_norm 0.978003 best_val_mae_norm_macro 1.898699 patience_val 0 / 60 patience_overfit_gap 0 / off
epoch 2 train_mse 5.910033 train_mae_norm_macro 0.732481 val_mae_norm_macro 1.288927 val_minus_train_mae_norm 0.556445 best_val_mae_norm_macro 1.288927 patience_val 0 / 60 patience_overfit_gap 0 / off
epoch 3 train_mse 2.9334 train_mae_norm_macro 0.62797 val_mae_norm_macro 0.981628 val_minus_train_mae_norm 0.353657 best_val_mae_norm_macro 0.981628 patience_val 0 / 60 patience_overfit_gap 0 / off
epoch 4 train_mse 1.923357 train_mae_norm_macro 0.575918 val_mae_norm_macro 0.830677 val_minus_train_mae_norm 0.254758 best_val_mae_norm_macro 0.830677 patience_val 0 / 60 patience_overfit_gap 0 / off
epoch 5 train_mse 1.546552 train_mae_norm_macro 0.577259 val_mae_norm_macro 0.842757 val_minus_train_mae_norm 0.265498 best_val_mae_norm_macro 0.830677 patience_val 1 / 60 patience_overfit_gap 0 / off
epoch 6 train_mse 1.560794 train_mae_norm_macro 0.549542 val_mae_norm_macro 0.763355 val_minus_train_mae_norm 0.213814 best_val_mae_norm_macro 0.763355 patience_val 0 / 60 patience_overfit_gap 0 / off
epoch 7 train_mse 1.390792 train_mae_norm_macro 0.540598 val_mae_norm_macro 0.73098 val_minus_train_mae_norm 0.190382 best_val_mae_norm_macro 0.73098 patience_val 0 / 60 patience_overfit_gap 0 / off
epoch 8 train_mse 1.32873 train_mae_norm_macro 0.530671 val_mae_norm_macro 0.689582 val_minus_train_mae_norm 0.15891 best_val_mae_norm_macro 0.689582 patience_val 0 / 60 patience_overfit_gap 0 / off
epoch 9 train_mse 1.251361 train_mae_norm_macro 0.524473 val_mae_norm_macro 0.658456 val_minus_train_mae_norm 0.133983 best_val_mae_norm_macro 0.658456 patience_val 0 / 60 patience_overfit_gap 0 / off
epoch 10 train_mse 1.199667 train_mae_norm_macro 0.517441 val_mae_norm_macro 0.632993 val_minus_train_mae_norm 0.115552 best_val_mae_norm_macro 0.632993 patience_val 0 / 60 patience_overfit_gap 0 / off
epoch 11 train_mse 1.16152 train_mae_norm_macro 0.505242 val_mae_norm_macro 0.601419 val_minus_train_mae_norm 0.096177 best_val_mae_norm_macro 0.601419 patience_val 0 / 60 patience_overfit_gap 0 / off
epoch 12 train_mse 1.114081 train_mae_norm_macro 0.494724 val_mae_norm_macro 0.571563 val_minus_train_mae_norm 0.07684 best_val_mae_norm_macro 0.571563 patience_val 0 / 60 patience_overfit_gap 0 / off
epoch 13 train_mse 1.072341 train_mae_norm_macro 0.492934 val_mae_norm_macro 0.563007 val_minus_train_mae_norm 0.070073 best_val_mae_norm_macro 0.563007 patience_val 0 / 60 patience_overfit_gap 0 / off
epoch 14 train_mse 1.063263 train_mae_norm_macro 0.489016 val_mae_norm_macro 0.550326 val_minus_train_mae_norm 0.06131 best_val_mae_norm_macro 0.550326 patience_val 0 / 60 patience_overfit_gap 0 / off
epoch 15 train_mse 1.045901 train_mae_norm_macro 0.484731 val_mae_norm_macro 0.534796 val_minus_train_mae_norm 0.050065 best_val_mae_norm_macro 0.534796 patience_val 0 / 60 patience_overfit_gap 0 / off
epoch 16 train_mse 1.022613 train_mae_norm_macro 0.482473 val_mae_norm_macro 0.532814 val_minus_train_mae_norm 0.050341 best_val_mae_norm_macro 0.532814 patience_val 0 / 60 patience_overfit_gap 0 / off
epoch 17 train_mse 1.013574 train_mae_norm_macro 0.476152 val_mae_norm_macro 0.520274 val_minus_train_mae_norm 0.044122 best_val_mae_norm_macro 0.520274 patience_val 0 / 60 patience_overfit_gap 0 / off
epoch 18 train_mse 0.994577 train_mae_norm_macro 0.471201 val_mae_norm_macro 0.511007 val_minus_train_mae_norm 0.039806 best_val_mae_norm_macro 0.511007 patience_val 0 / 60 patience_overfit_gap 0 / off
epoch 19 train_mse 0.978883 train_mae_norm_macro 0.468675 val_mae_norm_macro 0.503001 val_minus_train_mae_norm 0.034326 best_val_mae_norm_macro 0.503001 patience_val 0 / 60 patience_overfit_gap 0 / off
epoch 20 train_mse 0.963878 train_mae_norm_macro 0.464338 val_mae_norm_macro 0.4865 val_minus_train_mae_norm 0.022162 best_val_mae_norm_macro 0.4865 patience_val 0 / 60 patience_overfit_gap 0 / off
epoch 21 train_mse 0.945692 train_mae_norm_macro 0.461553 val_mae_norm_macro 0.476701 val_minus_train_mae_norm 0.015148 best_val_mae_norm_macro 0.476701 patience_val 0 / 60 patience_overfit_gap 0 / off
epoch 22 train_mse 0.933473 train_mae_norm_macro 0.459262 val_mae_norm_macro 0.470979 val_minus_train_mae_norm 0.011717 best_val_mae_norm_macro 0.470979 patience_val 0 / 60 patience_overfit_gap 0 / off
epoch 23 train_mse 0.921846 train_mae_norm_macro 0.456382 val_mae_norm_macro 0.461522 val_minus_train_mae_norm 0.00514 best_val_mae_norm_macro 0.461522 patience_val 0 / 60 patience_overfit_gap 0 / off
epoch 24 train_mse 0.910147 train_mae_norm_macro 0.453953 val_mae_norm_macro 0.454108 val_minus_train_mae_norm 0.000155 best_val_mae_norm_macro 0.454108 patience_val 0 / 60 patience_overfit_gap 0 / off
epoch 25 train_mse 0.898473 train_mae_norm_macro 0.451646 val_mae_norm_macro 0.449974 val_minus_train_mae_norm -0.001671 best_val_mae_norm_macro 0.449974 patience_val 0 / 60 patience_overfit_gap 0 / off
epoch 26 train_mse 0.890001 train_mae_norm_macro 0.448952 val_mae_norm_macro 0.442176 val_minus_train_mae_norm -0.006776 best_val_mae_norm_macro 0.442176 patience_val 0 / 60 patience_overfit_gap 0 / off
epoch 27 train_mse 0.877718 train_mae_norm_macro 0.446628 val_mae_norm_macro 0.439974 val_minus_train_mae_norm -0.006654 best_val_mae_norm_macro 0.439974 patience_val 0 / 60 patience_overfit_gap 0 / off
epoch 28 train_mse 0.86669 train_mae_norm_macro 0.445474 val_mae_norm_macro 0.434834 val_minus_train_mae_norm -0.01064 best_val_mae_norm_macro 0.434834 patience_val 0 / 60 patience_overfit_gap 0 / off
epoch 29 train_mse 0.857343 train_mae_norm_macro 0.443884 val_mae_norm_macro 0.433745 val_minus_train_mae_norm -0.010139 best_val_mae_norm_macro 0.433745 patience_val 0 / 60 patience_overfit_gap 0 / off
epoch 30 train_mse 0.848878 train_mae_norm_macro 0.444459 val_mae_norm_macro 0.430495 val_minus_train_mae_norm -0.013964 best_val_mae_norm_macro 0.430495 patience_val 0 / 60 patience_overfit_gap 0 / off
epoch 35 train_mse 0.879416 train_mae_norm_macro 0.452037 val_mae_norm_macro 0.486882 val_minus_train_mae_norm 0.034845 best_val_mae_norm_macro 0.430495 patience_val 5 / 60 patience_overfit_gap 0 / off
epoch 36 train_mse 0.898421 train_mae_norm_macro 0.44857 val_mae_norm_macro 0.429165 val_minus_train_mae_norm -0.019406 best_val_mae_norm_macro 0.429165 patience_val 0 / 60 patience_overfit_gap 0 / off
epoch 40 train_mse 0.808658 train_mae_norm_macro 0.448845 val_mae_norm_macro 0.43003 val_minus_train_mae_norm -0.018814 best_val_mae_norm_macro 0.429165 patience_val 4 / 60 patience_overfit_gap 0 / off
epoch 41 train_mse 0.828314 train_mae_norm_macro 0.440271 val_mae_norm_macro 0.422515 val_minus_train_mae_norm -0.017755 best_val_mae_norm_macro 0.422515 patience_val 0 / 60 patience_overfit_gap 0 / off
epoch 43 train_mse 0.812038 train_mae_norm_macro 0.440507 val_mae_norm_macro 0.416753 val_minus_train_mae_norm -0.023754 best_val_mae_norm_macro 0.416753 patience_val 0 / 60 patience_overfit_gap 0 / off
epoch 45 train_mse 0.79957 train_mae_norm_macro 0.440369 val_mae_norm_macro 0.417962 val_minus_train_mae_norm -0.022407 best_val_mae_norm_macro 0.416753 patience_val 2 / 60 patience_overfit_gap 0 / off
epoch 47 train_mse 0.788428 train_mae_norm_macro 0.439985 val_mae_norm_macro 0.415238 val_minus_train_mae_norm -0.024747 best_val_mae_norm_macro 0.415238 patience_val 0 / 60 patience_overfit_gap 0 / off
epoch 48 train_mse 0.778895 train_mae_norm_macro 0.439756 val_mae_norm_macro 0.41432 val_minus_train_mae_norm -0.025436 best_val_mae_norm_macro 0.41432 patience_val 0 / 60 patience_overfit_gap 0 / off
epoch 50 train_mse 0.771046 train_mae_norm_macro 0.440415 val_mae_norm_macro 0.422592 val_minus_train_mae_norm -0.017823 best_val_mae_norm_macro 0.41432 patience_val 2 / 60 patience_overfit_gap 0 / off
epoch 51 train_mse 0.770659 train_mae_norm_macro 0.437836 val_mae_norm_macro 0.411455 val_minus_train_mae_norm -0.02638 best_val_mae_norm_macro 0.411455 patience_val 0 / 60 patience_overfit_gap 0 / off
epoch 55 train_mse 0.756341 train_mae_norm_macro 0.437641 val_mae_norm_macro 0.410755 val_minus_train_mae_norm -0.026886 best_val_mae_norm_macro 0.410755 patience_val 0 / 60 patience_overfit_gap 0 / off
epoch 60 train_mse 0.742344 train_mae_norm_macro 0.435774 val_mae_norm_macro 0.409764 val_minus_train_mae_norm -0.02601 best_val_mae_norm_macro 0.409764 patience_val 0 / 60 patience_overfit_gap 0 / off
epoch 63 train_mse 0.734083 train_mae_norm_macro 0.435047 val_mae_norm_macro 0.408271 val_minus_train_mae_norm -0.026776 best_val_mae_norm_macro 0.408271 patience_val 0 / 60 patience_overfit_gap 0 / off
epoch 65 train_mse 0.730342 train_mae_norm_macro 0.435053 val_mae_norm_macro 0.409939 val_minus_train_mae_norm -0.025114 best_val_mae_norm_macro 0.408271 patience_val 2 / 60 patience_overfit_gap 0 / off
epoch 66 train_mse 0.727583 train_mae_norm_macro 0.434732 val_mae_norm_macro 0.407267 val_minus_train_mae_norm -0.027465 best_val_mae_norm_macro 0.407267 patience_val 0 / 60 patience_overfit_gap 0 / off
epoch 69 train_mse 0.721854 train_mae_norm_macro 0.434316 val_mae_norm_macro 0.407154 val_minus_train_mae_norm -0.027162 best_val_mae_norm_macro 0.407154 patience_val 0 / 60 patience_overfit_gap 0 / off
epoch 70 train_mse 0.719114 train_mae_norm_macro 0.434263 val_mae_norm_macro 0.406883 val_minus_train_mae_norm -0.02738 best_val_mae_norm_macro 0.406883 patience_val 0 / 60 patience_overfit_gap 0 / off
epoch 71 train_mse 0.716974 train_mae_norm_macro 0.434059 val_mae_norm_macro 0.406807 val_minus_train_mae_norm -0.027252 best_val_mae_norm_macro 0.406807 patience_val 0 / 60 patience_overfit_gap 0 / off
epoch 73 train_mse 0.712432 train_mae_norm_macro 0.433786 val_mae_norm_macro 0.405526 val_minus_train_mae_norm -0.02826 best_val_mae_norm_macro 0.405526 patience_val 0 / 60 patience_overfit_gap 0 / off
epoch 74 train_mse 0.71143 train_mae_norm_macro 0.433707 val_mae_norm_macro 0.40548 val_minus_train_mae_norm -0.028228 best_val_mae_norm_macro 0.40548 patience_val 0 / 60 patience_overfit_gap 0 / off
epoch 75 train_mse 0.709229 train_mae_norm_macro 0.433949 val_mae_norm_macro 0.405903 val_minus_train_mae_norm -0.028046 best_val_mae_norm_macro 0.40548 patience_val 1 / 60 patience_overfit_gap 0 / off
epoch 78 train_mse 0.702909 train_mae_norm_macro 0.433492 val_mae_norm_macro 0.40493 val_minus_train_mae_norm -0.028561 best_val_mae_norm_macro 0.40493 patience_val 0 / 60 patience_overfit_gap 0 / off
epoch 80 train_mse 0.699361 train_mae_norm_macro 0.433672 val_mae_norm_macro 0.405707 val_minus_train_mae_norm -0.027966 best_val_mae_norm_macro 0.40493 patience_val 2 / 60 patience_overfit_gap 0 / off
epoch 85 train_mse 0.816621 train_mae_norm_macro 0.506893 val_mae_norm_macro 0.643078 val_minus_train_mae_norm 0.136184 best_val_mae_norm_macro 0.40493 patience_val 7 / 60 patience_overfit_gap 0 / off
epoch 90 train_mse 0.784794 train_mae_norm_macro 0.461872 val_mae_norm_macro 0.472859 val_minus_train_mae_norm 0.010987 best_val_mae_norm_macro 0.40493 patience_val 12 / 60 patience_overfit_gap 0 / off
epoch 95 train_mse 0.719435 train_mae_norm_macro 0.450814 val_mae_norm_macro 0.454821 val_minus_train_mae_norm 0.004007 best_val_mae_norm_macro 0.40493 patience_val 17 / 60 patience_overfit_gap 0 / off
epoch 100 train_mse 0.706038 train_mae_norm_macro 0.441879 val_mae_norm_macro 0.432974 val_minus_train_mae_norm -0.008905 best_val_mae_norm_macro 0.40493 patience_val 22 / 60 patience_overfit_gap 0 / off
epoch 105 train_mse 0.694842 train_mae_norm_macro 0.438586 val_mae_norm_macro 0.423647 val_minus_train_mae_norm -0.01494 best_val_mae_norm_macro 0.40493 patience_val 27 / 60 patience_overfit_gap 0 / off
epoch 110 train_mse 0.683859 train_mae_norm_macro 0.436163 val_mae_norm_macro 0.418369 val_minus_train_mae_norm -0.017794 best_val_mae_norm_macro 0.40493 patience_val 32 / 60 patience_overfit_gap 0 / off
epoch 115 train_mse 0.670851 train_mae_norm_macro 0.435132 val_mae_norm_macro 0.418958 val_minus_train_mae_norm -0.016174 best_val_mae_norm_macro 0.40493 patience_val 37 / 60 patience_overfit_gap 0 / off
epoch 120 train_mse 0.65822 train_mae_norm_macro 0.43515 val_mae_norm_macro 0.420315 val_minus_train_mae_norm -0.014835 best_val_mae_norm_macro 0.40493 patience_val 42 / 60 patience_overfit_gap 0 / off
epoch 125 train_mse 0.651375 train_mae_norm_macro 0.436097 val_mae_norm_macro 0.426111 val_minus_train_mae_norm -0.009986 best_val_mae_norm_macro 0.40493 patience_val 47 / 60 patience_overfit_gap 0 / off
epoch 130 train_mse 0.662216 train_mae_norm_macro 0.440554 val_mae_norm_macro 0.434557 val_minus_train_mae_norm -0.005996 best_val_mae_norm_macro 0.40493 patience_val 52 / 60 patience_overfit_gap 0 / off
epoch 135 train_mse 0.72929 train_mae_norm_macro 0.440986 val_mae_norm_macro 0.447389 val_minus_train_mae_norm 0.006403 best_val_mae_norm_macro 0.40493 patience_val 57 / 60 patience_overfit_gap 0 / off
early stop: val metric patience exhausted
tf_window train_wall_seconds 646.414 stopped_epoch 138 best_val_mae_norm_macro 0.40493

Transformer-window Regression metrics ON TRAIN (fit set, denormalized Y)
mae mean 0.554787 median 0.129146 p90_across_columns 0.797466
rmse mean 0.900573 median 0.451269 p90_across_columns 0.932032
r2 mean 0.077573 median 0.000514 p90_across_columns 0.29477
r2_pooled 0.025451 note per-column r2 mean is mean of per-target R2; a few near-constant y columns (tiny ss_tot) make R2 explode negative; median and r2_pooled are safer headlines
medae_column mean 0.428227 median 0.051351 p90_across_columns 0.843189
abs_error_p90_within_column mean 1.416974 median 0.392287 p90_across_columns 1.703263
explained_variance mean 0.100893 median 0.001261 p90_across_columns 0.38048
max_abs_column mean 9.036636 median 5.606296 p90_across_columns 9.627098
column_pearson mean 0.213507 median 0.047756 p90_across_columns 0.64788 fraction_nan 0.0
row_cosine mean 0.992657 median 0.997856 p90_across_rows 0.999475
/usr/local/lib/python3.12/dist-packages/torch/nn/modules/transformer.py:431: UserWarning: Support for mismatched src_key_padding_mask and mask is deprecated. Use same type for both instead.
  src_key_padding_mask = F._canonical_mask(

Transformer-window metrics ON VALIDATION (denormalized Y)
mae mean 0.488908 median 0.162477 p90_across_columns 0.508936
rmse mean 0.755847 median 0.431892 p90_across_columns 0.833533
r2 mean 0.199072 median 0.091617 p90_across_columns 0.659864
r2_pooled 0.217774 note per-column r2 mean is mean of per-target R2; a few near-constant y columns (tiny ss_tot) make R2 explode negative; median and r2_pooled are safer headlines
medae_column mean 0.343027 median 0.071722 p90_across_columns 0.331433
abs_error_p90_within_column mean 1.556624 median 0.956256 p90_across_columns 1.839147
explained_variance mean 0.229422 median 0.123679 p90_across_columns 0.663387
max_abs_column mean 3.725752 median 2.380838 p90_across_columns 4.640354
column_pearson mean 0.437415 median 0.376807 p90_across_columns 0.815361 fraction_nan 0.0
row_cosine mean 0.993164 median 0.99858 p90_across_rows 0.999848

Transformer-window Regression metrics ON TEST ONLY
mae mean 0.552573 median 0.294105 p90_across_columns 0.634628
rmse mean 0.897913 median 0.470197 p90_across_columns 1.343508
r2 mean -289749332.410394 median -0.143894 p90_across_columns 0.013317
r2_pooled -0.525523 note per-column r2 mean is mean of per-target R2; a few near-constant y columns (tiny ss_tot) make R2 explode negative; median and r2_pooled are safer headlines
medae_column mean 0.379413 median 0.149104 p90_across_columns 0.304906
abs_error_p90_within_column mean 2.236039 median 1.043889 p90_across_columns 4.678776
explained_variance mean -204899377.747547 median -0.076262 p90_across_columns 0.084545
max_abs_column mean 3.158805 median 1.724011 p90_across_columns 6.025633
column_pearson mean 0.004061 median -0.005252 p90_across_columns 0.357904 fraction_nan 0.0
row_cosine mean 0.993556 median 0.99875 p90_across_rows 0.999596

top 30 y_columns by pearson (tie-break lower mae); per-column medae / p90|err| / mae
1 chroma_mean_08 pearson 0.504592 mae 0.591306 medae 0.353852 abs_p90 1.999563
2 spectral_zcr_p05 pearson 0.494533 mae 0.389901 medae 0.179734 abs_p90 1.847354
3 jamendo_moodtheme_background pearson 0.474553 mae 0.506367 medae 0.171657 abs_p90 2.739372
4 chroma_mean_10 pearson 0.474352 mae 0.623418 medae 0.478399 abs_p90 1.785592
5 jamendo_genre_techno pearson 0.469327 mae 0.235334 medae 0.090777 abs_p90 1.045196
6 jamendo_genre_improvisation pearson 0.46017 mae 0.341582 medae 0.14584 abs_p90 1.2746
7 mfcc_p05_13 pearson 0.459114 mae 0.441314 medae 0.375733 abs_p90 0.989546
8 onset_rate_hz pearson 0.444024 mae 0.274308 medae 0.176632 abs_p90 0.88614
9 chroma_peakiness pearson 0.431971 mae 0.505732 medae 0.434018 abs_p90 1.109998
10 jamendo_genre_synthpop pearson 0.430665 mae 0.232449 medae 0.080926 abs_p90 1.032354
11 spectral_zcr_p50 pearson 0.427519 mae 0.435949 medae 0.226617 abs_p90 1.588463
12 jamendo_instrument_synthesizer pearson 0.418598 mae 0.630327 medae 0.418483 abs_p90 2.249858
13 jamendo_genre_chanson pearson 0.418227 mae 0.232329 medae 0.09788 abs_p90 1.10362
14 jamendo_genre_eurodance pearson 0.415344 mae 0.212973 medae 0.11344 abs_p90 0.788957
15 energy_change_p95 pearson 0.41526 mae 0.209163 medae 0.166534 abs_p90 0.517939
16 jamendo_genre_electronic pearson 0.408984 mae 0.63576 medae 0.360188 abs_p90 2.448139
17 jamendo_moodtheme_dark pearson 0.408621 mae 0.299408 medae 0.093146 abs_p90 1.497397
18 jamendo_genre_jazzfusion pearson 0.408488 mae 0.800256 medae 0.040689 abs_p90 12.10798
19 mfcc_p95_12 pearson 0.407258 mae 0.40898 medae 0.348186 abs_p90 0.88066
20 mfcc_std_18 pearson 0.40092 mae 0.346757 medae 0.337128 abs_p90 0.722645
21 jamendo_moodtheme_epic pearson 0.399178 mae 0.230894 medae 0.192638 abs_p90 0.775631
22 jamendo_moodtheme_soft pearson 0.396765 mae 0.315189 medae 0.079332 abs_p90 2.007571
23 jamendo_moodtheme_soundscape pearson 0.39676 mae 0.251905 medae 0.157257 abs_p90 0.964013
24 jamendo_genre_jazz pearson 0.3942 mae 0.668199 medae 0.21889 abs_p90 6.259194
25 spectral_flatness_p95 pearson 0.393791 mae 0.221615 medae 0.120068 abs_p90 0.890509
26 jamendo_genre_industrial pearson 0.389803 mae 0.197835 medae 0.107002 abs_p90 0.674596
27 jamendo_genre_symphonic pearson 0.386599 mae 0.155737 medae 0.107088 abs_p90 0.447856
28 spectral_flatness_p50 pearson 0.378805 mae 0.215345 medae 0.136273 abs_p90 0.663489
29 mfcc_p05_16 pearson 0.372856 mae 0.266839 medae 0.244191 abs_p90 0.586634
30 mfcc_std_08 pearson 0.366205 mae 0.319331 medae 0.303455 abs_p90 0.683449
wrote per-column metrics csv /content/drive/MyDrive/rubert_runs/run_011_transformer_window/per_column_metrics.csv

retrieval hit rates
rmse hit@ 35.0 percent 0.29359 hits 229 total 780 skipped_single_or_missing 0
mae hit@ 35.0 percent 0.370513 hits 289 total 780 skipped_single_or_missing 0
cosine hit@ 35.0 percent 0.435897 hits 340 total 780 skipped_single_or_missing 0
